<?xml version="1.0" encoding="UTF-8"?>
<testsuite xmlns:xsi="http://www.w3.org/2001/XMLSchema-instance" xsi:noNamespaceSchemaLocation="https://maven.apache.org/surefire/maven-failsafe-plugin/xsd/failsafe-test-report-3.0.xsd" version="3.0" name="Check for Response Status Code, Content Type, Response Time and other other basic response validation" time="26.034" tests="5" errors="0" skipped="0" failures="0">
  <properties>
    <property name="sun.desktop" value="windows"/>
    <property name="awt.toolkit" value="sun.awt.windows.WToolkit"/>
    <property name="file.encoding.pkg" value="sun.io"/>
    <property name="java.specification.version" value="1.8"/>
    <property name="sun.cpu.isalist" value="pentium_pro+mmx pentium_pro pentium+mmx pentium i486 i386 i86"/>
    <property name="sun.jnu.encoding" value="Cp1252"/>
    <property name="java.class.path" value="D:\Chetan\Workspace\sojeti-automation-task-serenity-cucumber\target\test-classes;D:\Chetan\Workspace\sojeti-automation-task-serenity-cucumber\target\sojeti-automation-task-1.0.0-SNAPSHOT.jar;C:\Users\ChetanLokeshPalekar\.m2\repository\ch\qos\logback\logback-classic\1.0.13\logback-classic-1.0.13.jar;C:\Users\ChetanLokeshPalekar\.m2\repository\ch\qos\logback\logback-core\1.0.13\logback-core-1.0.13.jar;C:\Users\ChetanLokeshPalekar\.m2\repository\org\slf4j\slf4j-api\1.7.5\slf4j-api-1.7.5.jar;C:\Users\ChetanLokeshPalekar\.m2\repository\net\serenity-bdd\serenity-core\2.3.33\serenity-core-2.3.33.jar;C:\Users\ChetanLokeshPalekar\.m2\repository\net\serenity-bdd\serenity-model\2.3.33\serenity-model-2.3.33.jar;C:\Users\ChetanLokeshPalekar\.m2\repository\org\apache\commons\commons-text\1.9\commons-text-1.9.jar;C:\Users\ChetanLokeshPalekar\.m2\repository\commons-net\commons-net\3.6\commons-net-3.6.jar;C:\Users\ChetanLokeshPalekar\.m2\repository\com\google\guava\guava\30.1-jre\guava-30.1-jre.jar;C:\Users\ChetanLokeshPalekar\.m2\repository\com\google\guava\failureaccess\1.0.1\failureaccess-1.0.1.jar;C:\Users\ChetanLokeshPalekar\.m2\repository\com\google\guava\listenablefuture\9999.0-empty-to-avoid-conflict-with-guava\listenablefuture-9999.0-empty-to-avoid-conflict-with-guava.jar;C:\Users\ChetanLokeshPalekar\.m2\repository\com\google\code\findbugs\jsr305\3.0.2\jsr305-3.0.2.jar;C:\Users\ChetanLokeshPalekar\.m2\repository\org\checkerframework\checker-qual\3.5.0\checker-qual-3.5.0.jar;C:\Users\ChetanLokeshPalekar\.m2\repository\com\google\errorprone\error_prone_annotations\2.3.4\error_prone_annotations-2.3.4.jar;C:\Users\ChetanLokeshPalekar\.m2\repository\com\google\j2objc\j2objc-annotations\1.3\j2objc-annotations-1.3.jar;C:\Users\ChetanLokeshPalekar\.m2\repository\com\google\inject\guice\5.0.1\guice-5.0.1.jar;C:\Users\ChetanLokeshPalekar\.m2\repository\javax\inject\javax.inject\1\javax.inject-1.jar;C:\Users\ChetanLokeshPalekar\.m2\repository\aopalliance\aopalliance\1.0\aopalliance-1.0.jar;C:\Users\ChetanLokeshPalekar\.m2\repository\org\jsoup\jsoup\1.13.1\jsoup-1.13.1.jar;C:\Users\ChetanLokeshPalekar\.m2\repository\com\thoughtworks\xstream\xstream\1.4.13\xstream-1.4.13.jar;C:\Users\ChetanLokeshPalekar\.m2\repository\xmlpull\xmlpull\1.1.3.1\xmlpull-1.1.3.1.jar;C:\Users\ChetanLokeshPalekar\.m2\repository\xpp3\xpp3_min\1.1.4c\xpp3_min-1.1.4c.jar;C:\Users\ChetanLokeshPalekar\.m2\repository\io\cucumber\cucumber-core\6.10.2\cucumber-core-6.10.2.jar;C:\Users\ChetanLokeshPalekar\.m2\repository\io\cucumber\cucumber-gherkin\6.10.2\cucumber-gherkin-6.10.2.jar;C:\Users\ChetanLokeshPalekar\.m2\repository\io\cucumber\cucumber-gherkin-messages\6.10.2\cucumber-gherkin-messages-6.10.2.jar;C:\Users\ChetanLokeshPalekar\.m2\repository\io\cucumber\messages\14.0.1\messages-14.0.1.jar;C:\Users\ChetanLokeshPalekar\.m2\repository\io\cucumber\tag-expressions\3.0.0\tag-expressions-3.0.0.jar;C:\Users\ChetanLokeshPalekar\.m2\repository\io\cucumber\cucumber-expressions\10.3.0\cucumber-expressions-10.3.0.jar;C:\Users\ChetanLokeshPalekar\.m2\repository\io\cucumber\cucumber-plugin\6.10.2\cucumber-plugin-6.10.2.jar;C:\Users\ChetanLokeshPalekar\.m2\repository\io\cucumber\docstring\6.10.2\docstring-6.10.2.jar;C:\Users\ChetanLokeshPalekar\.m2\repository\io\cucumber\html-formatter\12.0.0\html-formatter-12.0.0.jar;C:\Users\ChetanLokeshPalekar\.m2\repository\io\cucumber\create-meta\3.0.0\create-meta-3.0.0.jar;C:\Users\ChetanLokeshPalekar\.m2\repository\com\typesafe\config\1.3.1\config-1.3.1.jar;C:\Users\ChetanLokeshPalekar\.m2\repository\org\imgscalr\imgscalr-lib\4.2\imgscalr-lib-4.2.jar;C:\Users\ChetanLokeshPalekar\.m2\repository\org\awaitility\awaitility\4.0.3\awaitility-4.0.3.jar;C:\Users\ChetanLokeshPalekar\.m2\repository\org\freemarker\freemarker\2.3.29\freemarker-2.3.29.jar;C:\Users\ChetanLokeshPalekar\.m2\repository\net\sourceforge\jexcelapi\jxl\2.6.12\jxl-2.6.12.jar;C:\Users\ChetanLokeshPalekar\.m2\repository\org\asciidoctor\asciidoctorj\1.5.6\asciidoctorj-1.5.6.jar;C:\Users\ChetanLokeshPalekar\.m2\repository\org\jruby\jruby-complete\1.7.26\jruby-complete-1.7.26.jar;C:\Users\ChetanLokeshPalekar\.m2\repository\net\bytebuddy\byte-buddy\1.10.10\byte-buddy-1.10.10.jar;C:\Users\ChetanLokeshPalekar\.m2\repository\net\bytebuddy\byte-buddy-agent\1.10.10\byte-buddy-agent-1.10.10.jar;C:\Users\ChetanLokeshPalekar\.m2\repository\org\objenesis\objenesis\3.1\objenesis-3.1.jar;C:\Users\ChetanLokeshPalekar\.m2\repository\net\serenity-bdd\serenity-reports\2.3.33\serenity-reports-2.3.33.jar;C:\Users\ChetanLokeshPalekar\.m2\repository\net\serenity-bdd\serenity-stats\2.3.33\serenity-stats-2.3.33.jar;C:\Users\ChetanLokeshPalekar\.m2\repository\net\serenity-bdd\serenity-reports-configuration\2.3.33\serenity-reports-configuration-2.3.33.jar;C:\Users\ChetanLokeshPalekar\.m2\repository\com\vladsch\flexmark\flexmark-all\0.34.30\flexmark-all-0.34.30.jar;C:\Users\ChetanLokeshPalekar\.m2\repository\com\vladsch\flexmark\flexmark\0.34.30\flexmark-0.34.30.jar;C:\Users\ChetanLokeshPalekar\.m2\repository\com\vladsch\flexmark\flexmark-ext-abbreviation\0.34.30\flexmark-ext-abbreviation-0.34.30.jar;C:\Users\ChetanLokeshPalekar\.m2\repository\com\vladsch\flexmark\flexmark-ext-admonition\0.34.30\flexmark-ext-admonition-0.34.30.jar;C:\Users\ChetanLokeshPalekar\.m2\repository\com\vladsch\flexmark\flexmark-ext-anchorlink\0.34.30\flexmark-ext-anchorlink-0.34.30.jar;C:\Users\ChetanLokeshPalekar\.m2\repository\com\vladsch\flexmark\flexmark-ext-aside\0.34.30\flexmark-ext-aside-0.34.30.jar;C:\Users\ChetanLokeshPalekar\.m2\repository\com\vladsch\flexmark\flexmark-ext-attributes\0.34.30\flexmark-ext-attributes-0.34.30.jar;C:\Users\ChetanLokeshPalekar\.m2\repository\com\vladsch\flexmark\flexmark-ext-autolink\0.34.30\flexmark-ext-autolink-0.34.30.jar;C:\Users\ChetanLokeshPalekar\.m2\repository\org\nibor\autolink\autolink\0.6.0\autolink-0.6.0.jar;C:\Users\ChetanLokeshPalekar\.m2\repository\com\vladsch\flexmark\flexmark-ext-definition\0.34.30\flexmark-ext-definition-0.34.30.jar;C:\Users\ChetanLokeshPalekar\.m2\repository\com\vladsch\flexmark\flexmark-ext-emoji\0.34.30\flexmark-ext-emoji-0.34.30.jar;C:\Users\ChetanLokeshPalekar\.m2\repository\com\vladsch\flexmark\flexmark-ext-enumerated-reference\0.34.30\flexmark-ext-enumerated-reference-0.34.30.jar;C:\Users\ChetanLokeshPalekar\.m2\repository\com\vladsch\flexmark\flexmark-ext-escaped-character\0.34.30\flexmark-ext-escaped-character-0.34.30.jar;C:\Users\ChetanLokeshPalekar\.m2\repository\com\vladsch\flexmark\flexmark-ext-footnotes\0.34.30\flexmark-ext-footnotes-0.34.30.jar;C:\Users\ChetanLokeshPalekar\.m2\repository\com\vladsch\flexmark\flexmark-ext-gfm-issues\0.34.30\flexmark-ext-gfm-issues-0.34.30.jar;C:\Users\ChetanLokeshPalekar\.m2\repository\com\vladsch\flexmark\flexmark-ext-gfm-strikethrough\0.34.30\flexmark-ext-gfm-strikethrough-0.34.30.jar;C:\Users\ChetanLokeshPalekar\.m2\repository\com\vladsch\flexmark\flexmark-ext-gfm-tables\0.34.30\flexmark-ext-gfm-tables-0.34.30.jar;C:\Users\ChetanLokeshPalekar\.m2\repository\com\vladsch\flexmark\flexmark-ext-gfm-tasklist\0.34.30\flexmark-ext-gfm-tasklist-0.34.30.jar;C:\Users\ChetanLokeshPalekar\.m2\repository\com\vladsch\flexmark\flexmark-ext-gfm-users\0.34.30\flexmark-ext-gfm-users-0.34.30.jar;C:\Users\ChetanLokeshPalekar\.m2\repository\com\vladsch\flexmark\flexmark-ext-gitlab\0.34.30\flexmark-ext-gitlab-0.34.30.jar;C:\Users\ChetanLokeshPalekar\.m2\repository\com\vladsch\flexmark\flexmark-ext-jekyll-front-matter\0.34.30\flexmark-ext-jekyll-front-matter-0.34.30.jar;C:\Users\ChetanLokeshPalekar\.m2\repository\com\vladsch\flexmark\flexmark-ext-jekyll-tag\0.34.30\flexmark-ext-jekyll-tag-0.34.30.jar;C:\Users\ChetanLokeshPalekar\.m2\repository\com\vladsch\flexmark\flexmark-ext-media-tags\0.34.30\flexmark-ext-media-tags-0.34.30.jar;C:\Users\ChetanLokeshPalekar\.m2\repository\com\vladsch\flexmark\flexmark-test-util\0.34.30\flexmark-test-util-0.34.30.jar;C:\Users\ChetanLokeshPalekar\.m2\repository\com\vladsch\flexmark\flexmark-ext-ins\0.34.30\flexmark-ext-ins-0.34.30.jar;C:\Users\ChetanLokeshPalekar\.m2\repository\com\vladsch\flexmark\flexmark-ext-xwiki-macros\0.34.30\flexmark-ext-xwiki-macros-0.34.30.jar;C:\Users\ChetanLokeshPalekar\.m2\repository\com\vladsch\flexmark\flexmark-ext-superscript\0.34.30\flexmark-ext-superscript-0.34.30.jar;C:\Users\ChetanLokeshPalekar\.m2\repository\com\vladsch\flexmark\flexmark-ext-tables\0.34.30\flexmark-ext-tables-0.34.30.jar;C:\Users\ChetanLokeshPalekar\.m2\repository\com\vladsch\flexmark\flexmark-ext-toc\0.34.30\flexmark-ext-toc-0.34.30.jar;C:\Users\ChetanLokeshPalekar\.m2\repository\com\vladsch\flexmark\flexmark-ext-typographic\0.34.30\flexmark-ext-typographic-0.34.30.jar;C:\Users\ChetanLokeshPalekar\.m2\repository\com\vladsch\flexmark\flexmark-ext-wikilink\0.34.30\flexmark-ext-wikilink-0.34.30.jar;C:\Users\ChetanLokeshPalekar\.m2\repository\com\vladsch\flexmark\flexmark-ext-yaml-front-matter\0.34.30\flexmark-ext-yaml-front-matter-0.34.30.jar;C:\Users\ChetanLokeshPalekar\.m2\repository\com\vladsch\flexmark\flexmark-ext-youtube-embedded\0.34.30\flexmark-ext-youtube-embedded-0.34.30.jar;C:\Users\ChetanLokeshPalekar\.m2\repository\com\vladsch\flexmark\flexmark-formatter\0.34.30\flexmark-formatter-0.34.30.jar;C:\Users\ChetanLokeshPalekar\.m2\repository\com\vladsch\flexmark\flexmark-html-parser\0.34.30\flexmark-html-parser-0.34.30.jar;C:\Users\ChetanLokeshPalekar\.m2\repository\com\vladsch\flexmark\flexmark-jira-converter\0.34.30\flexmark-jira-converter-0.34.30.jar;C:\Users\ChetanLokeshPalekar\.m2\repository\com\vladsch\flexmark\flexmark-pdf-converter\0.34.30\flexmark-pdf-converter-0.34.30.jar;C:\Users\ChetanLokeshPalekar\.m2\repository\com\openhtmltopdf\openhtmltopdf-core\0.0.1-RC13\openhtmltopdf-core-0.0.1-RC13.jar;C:\Users\ChetanLokeshPalekar\.m2\repository\com\openhtmltopdf\openhtmltopdf-pdfbox\0.0.1-RC13\openhtmltopdf-pdfbox-0.0.1-RC13.jar;C:\Users\ChetanLokeshPalekar\.m2\repository\org\apache\pdfbox\pdfbox\2.0.8\pdfbox-2.0.8.jar;C:\Users\ChetanLokeshPalekar\.m2\repository\org\apache\pdfbox\fontbox\2.0.8\fontbox-2.0.8.jar;C:\Users\ChetanLokeshPalekar\.m2\repository\org\apache\pdfbox\xmpbox\2.0.8\xmpbox-2.0.8.jar;C:\Users\ChetanLokeshPalekar\.m2\repository\de\rototor\pdfbox\graphics2d\0.12\graphics2d-0.12.jar;C:\Users\ChetanLokeshPalekar\.m2\repository\com\openhtmltopdf\openhtmltopdf-rtl-support\0.0.1-RC13\openhtmltopdf-rtl-support-0.0.1-RC13.jar;C:\Users\ChetanLokeshPalekar\.m2\repository\com\ibm\icu\icu4j\59.1\icu4j-59.1.jar;C:\Users\ChetanLokeshPalekar\.m2\repository\com\openhtmltopdf\openhtmltopdf-jsoup-dom-converter\0.0.1-RC13\openhtmltopdf-jsoup-dom-converter-0.0.1-RC13.jar;C:\Users\ChetanLokeshPalekar\.m2\repository\com\vladsch\flexmark\flexmark-profile-pegdown\0.34.30\flexmark-profile-pegdown-0.34.30.jar;C:\Users\ChetanLokeshPalekar\.m2\repository\com\vladsch\flexmark\flexmark-util\0.34.30\flexmark-util-0.34.30.jar;C:\Users\ChetanLokeshPalekar\.m2\repository\com\vladsch\flexmark\flexmark-youtrack-converter\0.34.30\flexmark-youtrack-converter-0.34.30.jar;C:\Users\ChetanLokeshPalekar\.m2\repository\es\nitaur\markdown\txtmark\0.16\txtmark-0.16.jar;C:\Users\ChetanLokeshPalekar\.m2\repository\net\serenity-bdd\serenity-report-resources\2.3.33\serenity-report-resources-2.3.33.jar;C:\Users\ChetanLokeshPalekar\.m2\repository\com\google\code\gson\gson\2.8.6\gson-2.8.6.jar;C:\Users\ChetanLokeshPalekar\.m2\repository\commons-codec\commons-codec\1.15\commons-codec-1.15.jar;C:\Users\ChetanLokeshPalekar\.m2\repository\commons-io\commons-io\2.6\commons-io-2.6.jar;C:\Users\ChetanLokeshPalekar\.m2\repository\org\seleniumhq\selenium\selenium-server\3.141.59\selenium-server-3.141.59.jar;C:\Users\ChetanLokeshPalekar\.m2\repository\org\seleniumhq\selenium\selenium-opera-driver\3.141.59\selenium-opera-driver-3.141.59.jar;C:\Users\ChetanLokeshPalekar\.m2\repository\org\seleniumhq\selenium\selenium-remote-driver\3.141.59\selenium-remote-driver-3.141.59.jar;C:\Users\ChetanLokeshPalekar\.m2\repository\org\seleniumhq\selenium\selenium-safari-driver\3.141.59\selenium-safari-driver-3.141.59.jar;C:\Users\ChetanLokeshPalekar\.m2\repository\com\beust\jcommander\1.72\jcommander-1.72.jar;C:\Users\ChetanLokeshPalekar\.m2\repository\org\apache\commons\commons-exec\1.3\commons-exec-1.3.jar;C:\Users\ChetanLokeshPalekar\.m2\repository\net\jcip\jcip-annotations\1.0\jcip-annotations-1.0.jar;C:\Users\ChetanLokeshPalekar\.m2\repository\org\seleniumhq\selenium\jetty-repacked\9.4.12.v20180830\jetty-repacked-9.4.12.v20180830.jar;C:\Users\ChetanLokeshPalekar\.m2\repository\com\squareup\okhttp3\okhttp\3.11.0\okhttp-3.11.0.jar;C:\Users\ChetanLokeshPalekar\.m2\repository\com\squareup\okio\okio\1.14.0\okio-1.14.0.jar;C:\Users\ChetanLokeshPalekar\.m2\repository\javax\servlet\javax.servlet-api\3.1.0\javax.servlet-api-3.1.0.jar;C:\Users\ChetanLokeshPalekar\.m2\repository\org\yaml\snakeyaml\1.19\snakeyaml-1.19.jar;C:\Users\ChetanLokeshPalekar\.m2\repository\org\seleniumhq\selenium\selenium-java\3.141.59\selenium-java-3.141.59.jar;C:\Users\ChetanLokeshPalekar\.m2\repository\org\seleniumhq\selenium\selenium-api\3.141.59\selenium-api-3.141.59.jar;C:\Users\ChetanLokeshPalekar\.m2\repository\org\seleniumhq\selenium\selenium-support\3.141.59\selenium-support-3.141.59.jar;C:\Users\ChetanLokeshPalekar\.m2\repository\org\seleniumhq\selenium\selenium-chrome-driver\3.141.59\selenium-chrome-driver-3.141.59.jar;C:\Users\ChetanLokeshPalekar\.m2\repository\org\seleniumhq\selenium\selenium-firefox-driver\3.141.59\selenium-firefox-driver-3.141.59.jar;C:\Users\ChetanLokeshPalekar\.m2\repository\org\seleniumhq\selenium\selenium-edge-driver\3.141.59\selenium-edge-driver-3.141.59.jar;C:\Users\ChetanLokeshPalekar\.m2\repository\org\seleniumhq\selenium\selenium-ie-driver\3.141.59\selenium-ie-driver-3.141.59.jar;C:\Users\ChetanLokeshPalekar\.m2\repository\net\sourceforge\htmlunit\htmlunit\2.47.1\htmlunit-2.47.1.jar;C:\Users\ChetanLokeshPalekar\.m2\repository\xalan\xalan\2.7.2\xalan-2.7.2.jar;C:\Users\ChetanLokeshPalekar\.m2\repository\xalan\serializer\2.7.2\serializer-2.7.2.jar;C:\Users\ChetanLokeshPalekar\.m2\repository\org\apache\httpcomponents\httpmime\4.5.13\httpmime-4.5.13.jar;C:\Users\ChetanLokeshPalekar\.m2\repository\org\apache\httpcomponents\httpclient\4.5.13\httpclient-4.5.13.jar;C:\Users\ChetanLokeshPalekar\.m2\repository\org\apache\httpcomponents\httpcore\4.4.13\httpcore-4.4.13.jar;C:\Users\ChetanLokeshPalekar\.m2\repository\net\sourceforge\htmlunit\htmlunit-core-js\2.47.0\htmlunit-core-js-2.47.0.jar;C:\Users\ChetanLokeshPalekar\.m2\repository\net\sourceforge\htmlunit\neko-htmlunit\2.47.1\neko-htmlunit-2.47.1.jar;C:\Users\ChetanLokeshPalekar\.m2\repository\xerces\xercesImpl\2.12.0\xercesImpl-2.12.0.jar;C:\Users\ChetanLokeshPalekar\.m2\repository\xml-apis\xml-apis\1.4.01\xml-apis-1.4.01.jar;C:\Users\ChetanLokeshPalekar\.m2\repository\net\sourceforge\htmlunit\htmlunit-cssparser\1.7.0\htmlunit-cssparser-1.7.0.jar;C:\Users\ChetanLokeshPalekar\.m2\repository\org\brotli\dec\0.1.2\dec-0.1.2.jar;C:\Users\ChetanLokeshPalekar\.m2\repository\com\shapesecurity\salvation2\3.0.0\salvation2-3.0.0.jar;C:\Users\ChetanLokeshPalekar\.m2\repository\org\eclipse\jetty\websocket\websocket-client\9.4.36.v20210114\websocket-client-9.4.36.v20210114.jar;C:\Users\ChetanLokeshPalekar\.m2\repository\org\eclipse\jetty\jetty-client\9.4.36.v20210114\jetty-client-9.4.36.v20210114.jar;C:\Users\ChetanLokeshPalekar\.m2\repository\org\eclipse\jetty\jetty-http\9.4.36.v20210114\jetty-http-9.4.36.v20210114.jar;C:\Users\ChetanLokeshPalekar\.m2\repository\org\eclipse\jetty\jetty-util\9.4.36.v20210114\jetty-util-9.4.36.v20210114.jar;C:\Users\ChetanLokeshPalekar\.m2\repository\org\eclipse\jetty\jetty-io\9.4.36.v20210114\jetty-io-9.4.36.v20210114.jar;C:\Users\ChetanLokeshPalekar\.m2\repository\org\eclipse\jetty\websocket\websocket-common\9.4.36.v20210114\websocket-common-9.4.36.v20210114.jar;C:\Users\ChetanLokeshPalekar\.m2\repository\org\eclipse\jetty\websocket\websocket-api\9.4.36.v20210114\websocket-api-9.4.36.v20210114.jar;C:\Users\ChetanLokeshPalekar\.m2\repository\org\seleniumhq\selenium\htmlunit-driver\2.47.1\htmlunit-driver-2.47.1.jar;C:\Users\ChetanLokeshPalekar\.m2\repository\com\codeborne\phantomjsdriver\1.4.4\phantomjsdriver-1.4.4.jar;C:\Users\ChetanLokeshPalekar\.m2\repository\io\appium\java-client\7.3.0\java-client-7.3.0.jar;C:\Users\ChetanLokeshPalekar\.m2\repository\commons-validator\commons-validator\1.6\commons-validator-1.6.jar;C:\Users\ChetanLokeshPalekar\.m2\repository\commons-digester\commons-digester\1.8.1\commons-digester-1.8.1.jar;C:\Users\ChetanLokeshPalekar\.m2\repository\org\aspectj\aspectjweaver\1.9.4\aspectjweaver-1.9.4.jar;C:\Users\ChetanLokeshPalekar\.m2\repository\org\codehaus\groovy\groovy\3.0.7\groovy-3.0.7.jar;C:\Users\ChetanLokeshPalekar\.m2\repository\net\sf\opencsv\opencsv\2.0\opencsv-2.0.jar;C:\Users\ChetanLokeshPalekar\.m2\repository\commons-beanutils\commons-beanutils\1.9.4\commons-beanutils-1.9.4.jar;C:\Users\ChetanLokeshPalekar\.m2\repository\org\apache\commons\commons-lang3\3.11\commons-lang3-3.11.jar;C:\Users\ChetanLokeshPalekar\.m2\repository\commons-collections\commons-collections\3.2.2\commons-collections-3.2.2.jar;C:\Users\ChetanLokeshPalekar\.m2\repository\org\fluentlenium\fluentlenium-core\0.10.2\fluentlenium-core-0.10.2.jar;C:\Users\ChetanLokeshPalekar\.m2\repository\io\github\bonigarcia\webdrivermanager\4.3.1\webdrivermanager-4.3.1.jar;C:\Users\ChetanLokeshPalekar\.m2\repository\org\apache\httpcomponents\client5\httpclient5\5.0.3\httpclient5-5.0.3.jar;C:\Users\ChetanLokeshPalekar\.m2\repository\org\apache\httpcomponents\core5\httpcore5\5.0.2\httpcore5-5.0.2.jar;C:\Users\ChetanLokeshPalekar\.m2\repository\org\apache\httpcomponents\core5\httpcore5-h2\5.0.2\httpcore5-h2-5.0.2.jar;C:\Users\ChetanLokeshPalekar\.m2\repository\org\rauschig\jarchivelib\1.1.0\jarchivelib-1.1.0.jar;C:\Users\ChetanLokeshPalekar\.m2\repository\org\apache\commons\commons-compress\1.20\commons-compress-1.20.jar;C:\Users\ChetanLokeshPalekar\.m2\repository\com\jhlabs\filters\2.0.235\filters-2.0.235.jar;C:\Users\ChetanLokeshPalekar\.m2\repository\com\assertthat\selenium-shutterbug\0.9.3\selenium-shutterbug-0.9.3.jar;C:\Users\ChetanLokeshPalekar\.m2\repository\org\projectlombok\lombok\1.18.8\lombok-1.18.8.jar;C:\Users\ChetanLokeshPalekar\.m2\repository\com\github\zafarkhaja\java-semver\0.9.0\java-semver-0.9.0.jar;C:\Users\ChetanLokeshPalekar\.m2\repository\com\paulhammant\ngwebdriver\1.1.5\ngwebdriver-1.1.5.jar;C:\Users\ChetanLokeshPalekar\.m2\repository\joda-time\joda-time\2.8.2\joda-time-2.8.2.jar;C:\Users\ChetanLokeshPalekar\.m2\repository\org\hamcrest\hamcrest\2.2\hamcrest-2.2.jar;C:\Users\ChetanLokeshPalekar\.m2\repository\com\google\jimfs\jimfs\1.1\jimfs-1.1.jar;C:\Users\ChetanLokeshPalekar\.m2\repository\org\mockito\mockito-core\3.3.3\mockito-core-3.3.3.jar;C:\Users\ChetanLokeshPalekar\.m2\repository\javax\xml\bind\jaxb-api\2.3.1\jaxb-api-2.3.1.jar;C:\Users\ChetanLokeshPalekar\.m2\repository\javax\activation\javax.activation-api\1.2.0\javax.activation-api-1.2.0.jar;C:\Users\ChetanLokeshPalekar\.m2\repository\com\sun\xml\bind\jaxb-core\2.3.0.1\jaxb-core-2.3.0.1.jar;C:\Users\ChetanLokeshPalekar\.m2\repository\com\sun\xml\bind\jaxb-impl\2.3.3\jaxb-impl-2.3.3.jar;C:\Users\ChetanLokeshPalekar\.m2\repository\jakarta\xml\bind\jakarta.xml.bind-api\2.3.3\jakarta.xml.bind-api-2.3.3.jar;C:\Users\ChetanLokeshPalekar\.m2\repository\com\sun\activation\jakarta.activation\1.2.2\jakarta.activation-1.2.2.jar;C:\Users\ChetanLokeshPalekar\.m2\repository\javax\activation\activation\1.1.1\activation-1.1.1.jar;C:\Users\ChetanLokeshPalekar\.m2\repository\net\serenity-bdd\serenity-junit\2.3.33\serenity-junit-2.3.33.jar;C:\Users\ChetanLokeshPalekar\.m2\repository\net\serenity-bdd\serenity-screenplay\2.3.33\serenity-screenplay-2.3.33.jar;C:\Users\ChetanLokeshPalekar\.m2\repository\net\serenity-bdd\serenity-screenplay-webdriver\2.3.33\serenity-screenplay-webdriver-2.3.33.jar;C:\Users\ChetanLokeshPalekar\.m2\repository\net\serenity-bdd\serenity-ensure\2.3.33\serenity-ensure-2.3.33.jar;C:\Users\ChetanLokeshPalekar\.m2\repository\org\jetbrains\kotlin\kotlin-stdlib\1.4.10\kotlin-stdlib-1.4.10.jar;C:\Users\ChetanLokeshPalekar\.m2\repository\org\jetbrains\kotlin\kotlin-stdlib-common\1.4.10\kotlin-stdlib-common-1.4.10.jar;C:\Users\ChetanLokeshPalekar\.m2\repository\org\jetbrains\annotations\13.0\annotations-13.0.jar;C:\Users\ChetanLokeshPalekar\.m2\repository\net\serenity-bdd\serenity-cucumber6\2.3.33\serenity-cucumber6-2.3.33.jar;C:\Users\ChetanLokeshPalekar\.m2\repository\io\cucumber\cucumber-java\6.9.1\cucumber-java-6.9.1.jar;C:\Users\ChetanLokeshPalekar\.m2\repository\org\apiguardian\apiguardian-api\1.1.0\apiguardian-api-1.1.0.jar;C:\Users\ChetanLokeshPalekar\.m2\repository\io\cucumber\cucumber-junit\6.9.1\cucumber-junit-6.9.1.jar;C:\Users\ChetanLokeshPalekar\.m2\repository\io\cucumber\datatable-matchers\3.4.0\datatable-matchers-3.4.0.jar;C:\Users\ChetanLokeshPalekar\.m2\repository\io\cucumber\datatable\3.4.0\datatable-3.4.0.jar;C:\Users\ChetanLokeshPalekar\.m2\repository\commons-logging\commons-logging\1.2\commons-logging-1.2.jar;C:\Users\ChetanLokeshPalekar\.m2\repository\org\apache\commons\commons-csv\1.5\commons-csv-1.5.jar;C:\Users\ChetanLokeshPalekar\.m2\repository\net\serenity-bdd\serenity-rest-assured\2.3.33\serenity-rest-assured-2.3.33.jar;C:\Users\ChetanLokeshPalekar\.m2\repository\io\rest-assured\rest-assured\4.3.3\rest-assured-4.3.3.jar;C:\Users\ChetanLokeshPalekar\.m2\repository\org\ccil\cowan\tagsoup\tagsoup\1.2.1\tagsoup-1.2.1.jar;C:\Users\ChetanLokeshPalekar\.m2\repository\io\rest-assured\json-path\4.3.3\json-path-4.3.3.jar;C:\Users\ChetanLokeshPalekar\.m2\repository\io\rest-assured\rest-assured-common\4.3.3\rest-assured-common-4.3.3.jar;C:\Users\ChetanLokeshPalekar\.m2\repository\io\rest-assured\xml-path\4.3.3\xml-path-4.3.3.jar;C:\Users\ChetanLokeshPalekar\.m2\repository\org\codehaus\groovy\groovy-json\3.0.7\groovy-json-3.0.7.jar;C:\Users\ChetanLokeshPalekar\.m2\repository\org\codehaus\groovy\groovy-xml\3.0.7\groovy-xml-3.0.7.jar;C:\Users\ChetanLokeshPalekar\.m2\repository\org\opentest4j\opentest4j\1.2.0\opentest4j-1.2.0.jar;C:\Users\ChetanLokeshPalekar\.m2\repository\junit\junit\4.13.1\junit-4.13.1.jar;C:\Users\ChetanLokeshPalekar\.m2\repository\org\hamcrest\hamcrest-core\1.3\hamcrest-core-1.3.jar;C:\Users\ChetanLokeshPalekar\.m2\repository\org\assertj\assertj-core\3.6.2\assertj-core-3.6.2.jar;C:\Users\ChetanLokeshPalekar\.m2\repository\org\hamcrest\hamcrest-all\1.3\hamcrest-all-1.3.jar;"/>
    <property name="java.vm.vendor" value="Oracle Corporation"/>
    <property name="sun.arch.data.model" value="32"/>
    <property name="user.variant" value=""/>
    <property name="java.vendor.url" value="http://java.oracle.com/"/>
    <property name="user.timezone" value="Europe/Berlin"/>
    <property name="java.vm.specification.version" value="1.8"/>
    <property name="os.name" value="Windows 10"/>
    <property name="user.country" value="US"/>
    <property name="sun.java.launcher" value="SUN_STANDARD"/>
    <property name="sun.boot.library.path" value="C:\Program Files\Java\jdk1.8.0_221\jre\bin"/>
    <property name="sun.java.command" value="C:\Users\ChetanLokeshPalekar\AppData\Local\Temp\surefire1710880190659889033\surefirebooter6675135630654953419.jar C:\Users\ChetanLokeshPalekar\AppData\Local\Temp\surefire1710880190659889033 2021-04-09T03-44-10_457-jvmRun1 surefire7225680667141597922tmp surefire_04093070827097522141tmp"/>
    <property name="surefire.test.class.path" value="D:\Chetan\Workspace\sojeti-automation-task-serenity-cucumber\target\test-classes;D:\Chetan\Workspace\sojeti-automation-task-serenity-cucumber\target\sojeti-automation-task-1.0.0-SNAPSHOT.jar;C:\Users\ChetanLokeshPalekar\.m2\repository\ch\qos\logback\logback-classic\1.0.13\logback-classic-1.0.13.jar;C:\Users\ChetanLokeshPalekar\.m2\repository\ch\qos\logback\logback-core\1.0.13\logback-core-1.0.13.jar;C:\Users\ChetanLokeshPalekar\.m2\repository\org\slf4j\slf4j-api\1.7.5\slf4j-api-1.7.5.jar;C:\Users\ChetanLokeshPalekar\.m2\repository\net\serenity-bdd\serenity-core\2.3.33\serenity-core-2.3.33.jar;C:\Users\ChetanLokeshPalekar\.m2\repository\net\serenity-bdd\serenity-model\2.3.33\serenity-model-2.3.33.jar;C:\Users\ChetanLokeshPalekar\.m2\repository\org\apache\commons\commons-text\1.9\commons-text-1.9.jar;C:\Users\ChetanLokeshPalekar\.m2\repository\commons-net\commons-net\3.6\commons-net-3.6.jar;C:\Users\ChetanLokeshPalekar\.m2\repository\com\google\guava\guava\30.1-jre\guava-30.1-jre.jar;C:\Users\ChetanLokeshPalekar\.m2\repository\com\google\guava\failureaccess\1.0.1\failureaccess-1.0.1.jar;C:\Users\ChetanLokeshPalekar\.m2\repository\com\google\guava\listenablefuture\9999.0-empty-to-avoid-conflict-with-guava\listenablefuture-9999.0-empty-to-avoid-conflict-with-guava.jar;C:\Users\ChetanLokeshPalekar\.m2\repository\com\google\code\findbugs\jsr305\3.0.2\jsr305-3.0.2.jar;C:\Users\ChetanLokeshPalekar\.m2\repository\org\checkerframework\checker-qual\3.5.0\checker-qual-3.5.0.jar;C:\Users\ChetanLokeshPalekar\.m2\repository\com\google\errorprone\error_prone_annotations\2.3.4\error_prone_annotations-2.3.4.jar;C:\Users\ChetanLokeshPalekar\.m2\repository\com\google\j2objc\j2objc-annotations\1.3\j2objc-annotations-1.3.jar;C:\Users\ChetanLokeshPalekar\.m2\repository\com\google\inject\guice\5.0.1\guice-5.0.1.jar;C:\Users\ChetanLokeshPalekar\.m2\repository\javax\inject\javax.inject\1\javax.inject-1.jar;C:\Users\ChetanLokeshPalekar\.m2\repository\aopalliance\aopalliance\1.0\aopalliance-1.0.jar;C:\Users\ChetanLokeshPalekar\.m2\repository\org\jsoup\jsoup\1.13.1\jsoup-1.13.1.jar;C:\Users\ChetanLokeshPalekar\.m2\repository\com\thoughtworks\xstream\xstream\1.4.13\xstream-1.4.13.jar;C:\Users\ChetanLokeshPalekar\.m2\repository\xmlpull\xmlpull\1.1.3.1\xmlpull-1.1.3.1.jar;C:\Users\ChetanLokeshPalekar\.m2\repository\xpp3\xpp3_min\1.1.4c\xpp3_min-1.1.4c.jar;C:\Users\ChetanLokeshPalekar\.m2\repository\io\cucumber\cucumber-core\6.10.2\cucumber-core-6.10.2.jar;C:\Users\ChetanLokeshPalekar\.m2\repository\io\cucumber\cucumber-gherkin\6.10.2\cucumber-gherkin-6.10.2.jar;C:\Users\ChetanLokeshPalekar\.m2\repository\io\cucumber\cucumber-gherkin-messages\6.10.2\cucumber-gherkin-messages-6.10.2.jar;C:\Users\ChetanLokeshPalekar\.m2\repository\io\cucumber\messages\14.0.1\messages-14.0.1.jar;C:\Users\ChetanLokeshPalekar\.m2\repository\io\cucumber\tag-expressions\3.0.0\tag-expressions-3.0.0.jar;C:\Users\ChetanLokeshPalekar\.m2\repository\io\cucumber\cucumber-expressions\10.3.0\cucumber-expressions-10.3.0.jar;C:\Users\ChetanLokeshPalekar\.m2\repository\io\cucumber\cucumber-plugin\6.10.2\cucumber-plugin-6.10.2.jar;C:\Users\ChetanLokeshPalekar\.m2\repository\io\cucumber\docstring\6.10.2\docstring-6.10.2.jar;C:\Users\ChetanLokeshPalekar\.m2\repository\io\cucumber\html-formatter\12.0.0\html-formatter-12.0.0.jar;C:\Users\ChetanLokeshPalekar\.m2\repository\io\cucumber\create-meta\3.0.0\create-meta-3.0.0.jar;C:\Users\ChetanLokeshPalekar\.m2\repository\com\typesafe\config\1.3.1\config-1.3.1.jar;C:\Users\ChetanLokeshPalekar\.m2\repository\org\imgscalr\imgscalr-lib\4.2\imgscalr-lib-4.2.jar;C:\Users\ChetanLokeshPalekar\.m2\repository\org\awaitility\awaitility\4.0.3\awaitility-4.0.3.jar;C:\Users\ChetanLokeshPalekar\.m2\repository\org\freemarker\freemarker\2.3.29\freemarker-2.3.29.jar;C:\Users\ChetanLokeshPalekar\.m2\repository\net\sourceforge\jexcelapi\jxl\2.6.12\jxl-2.6.12.jar;C:\Users\ChetanLokeshPalekar\.m2\repository\org\asciidoctor\asciidoctorj\1.5.6\asciidoctorj-1.5.6.jar;C:\Users\ChetanLokeshPalekar\.m2\repository\org\jruby\jruby-complete\1.7.26\jruby-complete-1.7.26.jar;C:\Users\ChetanLokeshPalekar\.m2\repository\net\bytebuddy\byte-buddy\1.10.10\byte-buddy-1.10.10.jar;C:\Users\ChetanLokeshPalekar\.m2\repository\net\bytebuddy\byte-buddy-agent\1.10.10\byte-buddy-agent-1.10.10.jar;C:\Users\ChetanLokeshPalekar\.m2\repository\org\objenesis\objenesis\3.1\objenesis-3.1.jar;C:\Users\ChetanLokeshPalekar\.m2\repository\net\serenity-bdd\serenity-reports\2.3.33\serenity-reports-2.3.33.jar;C:\Users\ChetanLokeshPalekar\.m2\repository\net\serenity-bdd\serenity-stats\2.3.33\serenity-stats-2.3.33.jar;C:\Users\ChetanLokeshPalekar\.m2\repository\net\serenity-bdd\serenity-reports-configuration\2.3.33\serenity-reports-configuration-2.3.33.jar;C:\Users\ChetanLokeshPalekar\.m2\repository\com\vladsch\flexmark\flexmark-all\0.34.30\flexmark-all-0.34.30.jar;C:\Users\ChetanLokeshPalekar\.m2\repository\com\vladsch\flexmark\flexmark\0.34.30\flexmark-0.34.30.jar;C:\Users\ChetanLokeshPalekar\.m2\repository\com\vladsch\flexmark\flexmark-ext-abbreviation\0.34.30\flexmark-ext-abbreviation-0.34.30.jar;C:\Users\ChetanLokeshPalekar\.m2\repository\com\vladsch\flexmark\flexmark-ext-admonition\0.34.30\flexmark-ext-admonition-0.34.30.jar;C:\Users\ChetanLokeshPalekar\.m2\repository\com\vladsch\flexmark\flexmark-ext-anchorlink\0.34.30\flexmark-ext-anchorlink-0.34.30.jar;C:\Users\ChetanLokeshPalekar\.m2\repository\com\vladsch\flexmark\flexmark-ext-aside\0.34.30\flexmark-ext-aside-0.34.30.jar;C:\Users\ChetanLokeshPalekar\.m2\repository\com\vladsch\flexmark\flexmark-ext-attributes\0.34.30\flexmark-ext-attributes-0.34.30.jar;C:\Users\ChetanLokeshPalekar\.m2\repository\com\vladsch\flexmark\flexmark-ext-autolink\0.34.30\flexmark-ext-autolink-0.34.30.jar;C:\Users\ChetanLokeshPalekar\.m2\repository\org\nibor\autolink\autolink\0.6.0\autolink-0.6.0.jar;C:\Users\ChetanLokeshPalekar\.m2\repository\com\vladsch\flexmark\flexmark-ext-definition\0.34.30\flexmark-ext-definition-0.34.30.jar;C:\Users\ChetanLokeshPalekar\.m2\repository\com\vladsch\flexmark\flexmark-ext-emoji\0.34.30\flexmark-ext-emoji-0.34.30.jar;C:\Users\ChetanLokeshPalekar\.m2\repository\com\vladsch\flexmark\flexmark-ext-enumerated-reference\0.34.30\flexmark-ext-enumerated-reference-0.34.30.jar;C:\Users\ChetanLokeshPalekar\.m2\repository\com\vladsch\flexmark\flexmark-ext-escaped-character\0.34.30\flexmark-ext-escaped-character-0.34.30.jar;C:\Users\ChetanLokeshPalekar\.m2\repository\com\vladsch\flexmark\flexmark-ext-footnotes\0.34.30\flexmark-ext-footnotes-0.34.30.jar;C:\Users\ChetanLokeshPalekar\.m2\repository\com\vladsch\flexmark\flexmark-ext-gfm-issues\0.34.30\flexmark-ext-gfm-issues-0.34.30.jar;C:\Users\ChetanLokeshPalekar\.m2\repository\com\vladsch\flexmark\flexmark-ext-gfm-strikethrough\0.34.30\flexmark-ext-gfm-strikethrough-0.34.30.jar;C:\Users\ChetanLokeshPalekar\.m2\repository\com\vladsch\flexmark\flexmark-ext-gfm-tables\0.34.30\flexmark-ext-gfm-tables-0.34.30.jar;C:\Users\ChetanLokeshPalekar\.m2\repository\com\vladsch\flexmark\flexmark-ext-gfm-tasklist\0.34.30\flexmark-ext-gfm-tasklist-0.34.30.jar;C:\Users\ChetanLokeshPalekar\.m2\repository\com\vladsch\flexmark\flexmark-ext-gfm-users\0.34.30\flexmark-ext-gfm-users-0.34.30.jar;C:\Users\ChetanLokeshPalekar\.m2\repository\com\vladsch\flexmark\flexmark-ext-gitlab\0.34.30\flexmark-ext-gitlab-0.34.30.jar;C:\Users\ChetanLokeshPalekar\.m2\repository\com\vladsch\flexmark\flexmark-ext-jekyll-front-matter\0.34.30\flexmark-ext-jekyll-front-matter-0.34.30.jar;C:\Users\ChetanLokeshPalekar\.m2\repository\com\vladsch\flexmark\flexmark-ext-jekyll-tag\0.34.30\flexmark-ext-jekyll-tag-0.34.30.jar;C:\Users\ChetanLokeshPalekar\.m2\repository\com\vladsch\flexmark\flexmark-ext-media-tags\0.34.30\flexmark-ext-media-tags-0.34.30.jar;C:\Users\ChetanLokeshPalekar\.m2\repository\com\vladsch\flexmark\flexmark-test-util\0.34.30\flexmark-test-util-0.34.30.jar;C:\Users\ChetanLokeshPalekar\.m2\repository\com\vladsch\flexmark\flexmark-ext-ins\0.34.30\flexmark-ext-ins-0.34.30.jar;C:\Users\ChetanLokeshPalekar\.m2\repository\com\vladsch\flexmark\flexmark-ext-xwiki-macros\0.34.30\flexmark-ext-xwiki-macros-0.34.30.jar;C:\Users\ChetanLokeshPalekar\.m2\repository\com\vladsch\flexmark\flexmark-ext-superscript\0.34.30\flexmark-ext-superscript-0.34.30.jar;C:\Users\ChetanLokeshPalekar\.m2\repository\com\vladsch\flexmark\flexmark-ext-tables\0.34.30\flexmark-ext-tables-0.34.30.jar;C:\Users\ChetanLokeshPalekar\.m2\repository\com\vladsch\flexmark\flexmark-ext-toc\0.34.30\flexmark-ext-toc-0.34.30.jar;C:\Users\ChetanLokeshPalekar\.m2\repository\com\vladsch\flexmark\flexmark-ext-typographic\0.34.30\flexmark-ext-typographic-0.34.30.jar;C:\Users\ChetanLokeshPalekar\.m2\repository\com\vladsch\flexmark\flexmark-ext-wikilink\0.34.30\flexmark-ext-wikilink-0.34.30.jar;C:\Users\ChetanLokeshPalekar\.m2\repository\com\vladsch\flexmark\flexmark-ext-yaml-front-matter\0.34.30\flexmark-ext-yaml-front-matter-0.34.30.jar;C:\Users\ChetanLokeshPalekar\.m2\repository\com\vladsch\flexmark\flexmark-ext-youtube-embedded\0.34.30\flexmark-ext-youtube-embedded-0.34.30.jar;C:\Users\ChetanLokeshPalekar\.m2\repository\com\vladsch\flexmark\flexmark-formatter\0.34.30\flexmark-formatter-0.34.30.jar;C:\Users\ChetanLokeshPalekar\.m2\repository\com\vladsch\flexmark\flexmark-html-parser\0.34.30\flexmark-html-parser-0.34.30.jar;C:\Users\ChetanLokeshPalekar\.m2\repository\com\vladsch\flexmark\flexmark-jira-converter\0.34.30\flexmark-jira-converter-0.34.30.jar;C:\Users\ChetanLokeshPalekar\.m2\repository\com\vladsch\flexmark\flexmark-pdf-converter\0.34.30\flexmark-pdf-converter-0.34.30.jar;C:\Users\ChetanLokeshPalekar\.m2\repository\com\openhtmltopdf\openhtmltopdf-core\0.0.1-RC13\openhtmltopdf-core-0.0.1-RC13.jar;C:\Users\ChetanLokeshPalekar\.m2\repository\com\openhtmltopdf\openhtmltopdf-pdfbox\0.0.1-RC13\openhtmltopdf-pdfbox-0.0.1-RC13.jar;C:\Users\ChetanLokeshPalekar\.m2\repository\org\apache\pdfbox\pdfbox\2.0.8\pdfbox-2.0.8.jar;C:\Users\ChetanLokeshPalekar\.m2\repository\org\apache\pdfbox\fontbox\2.0.8\fontbox-2.0.8.jar;C:\Users\ChetanLokeshPalekar\.m2\repository\org\apache\pdfbox\xmpbox\2.0.8\xmpbox-2.0.8.jar;C:\Users\ChetanLokeshPalekar\.m2\repository\de\rototor\pdfbox\graphics2d\0.12\graphics2d-0.12.jar;C:\Users\ChetanLokeshPalekar\.m2\repository\com\openhtmltopdf\openhtmltopdf-rtl-support\0.0.1-RC13\openhtmltopdf-rtl-support-0.0.1-RC13.jar;C:\Users\ChetanLokeshPalekar\.m2\repository\com\ibm\icu\icu4j\59.1\icu4j-59.1.jar;C:\Users\ChetanLokeshPalekar\.m2\repository\com\openhtmltopdf\openhtmltopdf-jsoup-dom-converter\0.0.1-RC13\openhtmltopdf-jsoup-dom-converter-0.0.1-RC13.jar;C:\Users\ChetanLokeshPalekar\.m2\repository\com\vladsch\flexmark\flexmark-profile-pegdown\0.34.30\flexmark-profile-pegdown-0.34.30.jar;C:\Users\ChetanLokeshPalekar\.m2\repository\com\vladsch\flexmark\flexmark-util\0.34.30\flexmark-util-0.34.30.jar;C:\Users\ChetanLokeshPalekar\.m2\repository\com\vladsch\flexmark\flexmark-youtrack-converter\0.34.30\flexmark-youtrack-converter-0.34.30.jar;C:\Users\ChetanLokeshPalekar\.m2\repository\es\nitaur\markdown\txtmark\0.16\txtmark-0.16.jar;C:\Users\ChetanLokeshPalekar\.m2\repository\net\serenity-bdd\serenity-report-resources\2.3.33\serenity-report-resources-2.3.33.jar;C:\Users\ChetanLokeshPalekar\.m2\repository\com\google\code\gson\gson\2.8.6\gson-2.8.6.jar;C:\Users\ChetanLokeshPalekar\.m2\repository\commons-codec\commons-codec\1.15\commons-codec-1.15.jar;C:\Users\ChetanLokeshPalekar\.m2\repository\commons-io\commons-io\2.6\commons-io-2.6.jar;C:\Users\ChetanLokeshPalekar\.m2\repository\org\seleniumhq\selenium\selenium-server\3.141.59\selenium-server-3.141.59.jar;C:\Users\ChetanLokeshPalekar\.m2\repository\org\seleniumhq\selenium\selenium-opera-driver\3.141.59\selenium-opera-driver-3.141.59.jar;C:\Users\ChetanLokeshPalekar\.m2\repository\org\seleniumhq\selenium\selenium-remote-driver\3.141.59\selenium-remote-driver-3.141.59.jar;C:\Users\ChetanLokeshPalekar\.m2\repository\org\seleniumhq\selenium\selenium-safari-driver\3.141.59\selenium-safari-driver-3.141.59.jar;C:\Users\ChetanLokeshPalekar\.m2\repository\com\beust\jcommander\1.72\jcommander-1.72.jar;C:\Users\ChetanLokeshPalekar\.m2\repository\org\apache\commons\commons-exec\1.3\commons-exec-1.3.jar;C:\Users\ChetanLokeshPalekar\.m2\repository\net\jcip\jcip-annotations\1.0\jcip-annotations-1.0.jar;C:\Users\ChetanLokeshPalekar\.m2\repository\org\seleniumhq\selenium\jetty-repacked\9.4.12.v20180830\jetty-repacked-9.4.12.v20180830.jar;C:\Users\ChetanLokeshPalekar\.m2\repository\com\squareup\okhttp3\okhttp\3.11.0\okhttp-3.11.0.jar;C:\Users\ChetanLokeshPalekar\.m2\repository\com\squareup\okio\okio\1.14.0\okio-1.14.0.jar;C:\Users\ChetanLokeshPalekar\.m2\repository\javax\servlet\javax.servlet-api\3.1.0\javax.servlet-api-3.1.0.jar;C:\Users\ChetanLokeshPalekar\.m2\repository\org\yaml\snakeyaml\1.19\snakeyaml-1.19.jar;C:\Users\ChetanLokeshPalekar\.m2\repository\org\seleniumhq\selenium\selenium-java\3.141.59\selenium-java-3.141.59.jar;C:\Users\ChetanLokeshPalekar\.m2\repository\org\seleniumhq\selenium\selenium-api\3.141.59\selenium-api-3.141.59.jar;C:\Users\ChetanLokeshPalekar\.m2\repository\org\seleniumhq\selenium\selenium-support\3.141.59\selenium-support-3.141.59.jar;C:\Users\ChetanLokeshPalekar\.m2\repository\org\seleniumhq\selenium\selenium-chrome-driver\3.141.59\selenium-chrome-driver-3.141.59.jar;C:\Users\ChetanLokeshPalekar\.m2\repository\org\seleniumhq\selenium\selenium-firefox-driver\3.141.59\selenium-firefox-driver-3.141.59.jar;C:\Users\ChetanLokeshPalekar\.m2\repository\org\seleniumhq\selenium\selenium-edge-driver\3.141.59\selenium-edge-driver-3.141.59.jar;C:\Users\ChetanLokeshPalekar\.m2\repository\org\seleniumhq\selenium\selenium-ie-driver\3.141.59\selenium-ie-driver-3.141.59.jar;C:\Users\ChetanLokeshPalekar\.m2\repository\net\sourceforge\htmlunit\htmlunit\2.47.1\htmlunit-2.47.1.jar;C:\Users\ChetanLokeshPalekar\.m2\repository\xalan\xalan\2.7.2\xalan-2.7.2.jar;C:\Users\ChetanLokeshPalekar\.m2\repository\xalan\serializer\2.7.2\serializer-2.7.2.jar;C:\Users\ChetanLokeshPalekar\.m2\repository\org\apache\httpcomponents\httpmime\4.5.13\httpmime-4.5.13.jar;C:\Users\ChetanLokeshPalekar\.m2\repository\org\apache\httpcomponents\httpclient\4.5.13\httpclient-4.5.13.jar;C:\Users\ChetanLokeshPalekar\.m2\repository\org\apache\httpcomponents\httpcore\4.4.13\httpcore-4.4.13.jar;C:\Users\ChetanLokeshPalekar\.m2\repository\net\sourceforge\htmlunit\htmlunit-core-js\2.47.0\htmlunit-core-js-2.47.0.jar;C:\Users\ChetanLokeshPalekar\.m2\repository\net\sourceforge\htmlunit\neko-htmlunit\2.47.1\neko-htmlunit-2.47.1.jar;C:\Users\ChetanLokeshPalekar\.m2\repository\xerces\xercesImpl\2.12.0\xercesImpl-2.12.0.jar;C:\Users\ChetanLokeshPalekar\.m2\repository\xml-apis\xml-apis\1.4.01\xml-apis-1.4.01.jar;C:\Users\ChetanLokeshPalekar\.m2\repository\net\sourceforge\htmlunit\htmlunit-cssparser\1.7.0\htmlunit-cssparser-1.7.0.jar;C:\Users\ChetanLokeshPalekar\.m2\repository\org\brotli\dec\0.1.2\dec-0.1.2.jar;C:\Users\ChetanLokeshPalekar\.m2\repository\com\shapesecurity\salvation2\3.0.0\salvation2-3.0.0.jar;C:\Users\ChetanLokeshPalekar\.m2\repository\org\eclipse\jetty\websocket\websocket-client\9.4.36.v20210114\websocket-client-9.4.36.v20210114.jar;C:\Users\ChetanLokeshPalekar\.m2\repository\org\eclipse\jetty\jetty-client\9.4.36.v20210114\jetty-client-9.4.36.v20210114.jar;C:\Users\ChetanLokeshPalekar\.m2\repository\org\eclipse\jetty\jetty-http\9.4.36.v20210114\jetty-http-9.4.36.v20210114.jar;C:\Users\ChetanLokeshPalekar\.m2\repository\org\eclipse\jetty\jetty-util\9.4.36.v20210114\jetty-util-9.4.36.v20210114.jar;C:\Users\ChetanLokeshPalekar\.m2\repository\org\eclipse\jetty\jetty-io\9.4.36.v20210114\jetty-io-9.4.36.v20210114.jar;C:\Users\ChetanLokeshPalekar\.m2\repository\org\eclipse\jetty\websocket\websocket-common\9.4.36.v20210114\websocket-common-9.4.36.v20210114.jar;C:\Users\ChetanLokeshPalekar\.m2\repository\org\eclipse\jetty\websocket\websocket-api\9.4.36.v20210114\websocket-api-9.4.36.v20210114.jar;C:\Users\ChetanLokeshPalekar\.m2\repository\org\seleniumhq\selenium\htmlunit-driver\2.47.1\htmlunit-driver-2.47.1.jar;C:\Users\ChetanLokeshPalekar\.m2\repository\com\codeborne\phantomjsdriver\1.4.4\phantomjsdriver-1.4.4.jar;C:\Users\ChetanLokeshPalekar\.m2\repository\io\appium\java-client\7.3.0\java-client-7.3.0.jar;C:\Users\ChetanLokeshPalekar\.m2\repository\commons-validator\commons-validator\1.6\commons-validator-1.6.jar;C:\Users\ChetanLokeshPalekar\.m2\repository\commons-digester\commons-digester\1.8.1\commons-digester-1.8.1.jar;C:\Users\ChetanLokeshPalekar\.m2\repository\org\aspectj\aspectjweaver\1.9.4\aspectjweaver-1.9.4.jar;C:\Users\ChetanLokeshPalekar\.m2\repository\org\codehaus\groovy\groovy\3.0.7\groovy-3.0.7.jar;C:\Users\ChetanLokeshPalekar\.m2\repository\net\sf\opencsv\opencsv\2.0\opencsv-2.0.jar;C:\Users\ChetanLokeshPalekar\.m2\repository\commons-beanutils\commons-beanutils\1.9.4\commons-beanutils-1.9.4.jar;C:\Users\ChetanLokeshPalekar\.m2\repository\org\apache\commons\commons-lang3\3.11\commons-lang3-3.11.jar;C:\Users\ChetanLokeshPalekar\.m2\repository\commons-collections\commons-collections\3.2.2\commons-collections-3.2.2.jar;C:\Users\ChetanLokeshPalekar\.m2\repository\org\fluentlenium\fluentlenium-core\0.10.2\fluentlenium-core-0.10.2.jar;C:\Users\ChetanLokeshPalekar\.m2\repository\io\github\bonigarcia\webdrivermanager\4.3.1\webdrivermanager-4.3.1.jar;C:\Users\ChetanLokeshPalekar\.m2\repository\org\apache\httpcomponents\client5\httpclient5\5.0.3\httpclient5-5.0.3.jar;C:\Users\ChetanLokeshPalekar\.m2\repository\org\apache\httpcomponents\core5\httpcore5\5.0.2\httpcore5-5.0.2.jar;C:\Users\ChetanLokeshPalekar\.m2\repository\org\apache\httpcomponents\core5\httpcore5-h2\5.0.2\httpcore5-h2-5.0.2.jar;C:\Users\ChetanLokeshPalekar\.m2\repository\org\rauschig\jarchivelib\1.1.0\jarchivelib-1.1.0.jar;C:\Users\ChetanLokeshPalekar\.m2\repository\org\apache\commons\commons-compress\1.20\commons-compress-1.20.jar;C:\Users\ChetanLokeshPalekar\.m2\repository\com\jhlabs\filters\2.0.235\filters-2.0.235.jar;C:\Users\ChetanLokeshPalekar\.m2\repository\com\assertthat\selenium-shutterbug\0.9.3\selenium-shutterbug-0.9.3.jar;C:\Users\ChetanLokeshPalekar\.m2\repository\org\projectlombok\lombok\1.18.8\lombok-1.18.8.jar;C:\Users\ChetanLokeshPalekar\.m2\repository\com\github\zafarkhaja\java-semver\0.9.0\java-semver-0.9.0.jar;C:\Users\ChetanLokeshPalekar\.m2\repository\com\paulhammant\ngwebdriver\1.1.5\ngwebdriver-1.1.5.jar;C:\Users\ChetanLokeshPalekar\.m2\repository\joda-time\joda-time\2.8.2\joda-time-2.8.2.jar;C:\Users\ChetanLokeshPalekar\.m2\repository\org\hamcrest\hamcrest\2.2\hamcrest-2.2.jar;C:\Users\ChetanLokeshPalekar\.m2\repository\com\google\jimfs\jimfs\1.1\jimfs-1.1.jar;C:\Users\ChetanLokeshPalekar\.m2\repository\org\mockito\mockito-core\3.3.3\mockito-core-3.3.3.jar;C:\Users\ChetanLokeshPalekar\.m2\repository\javax\xml\bind\jaxb-api\2.3.1\jaxb-api-2.3.1.jar;C:\Users\ChetanLokeshPalekar\.m2\repository\javax\activation\javax.activation-api\1.2.0\javax.activation-api-1.2.0.jar;C:\Users\ChetanLokeshPalekar\.m2\repository\com\sun\xml\bind\jaxb-core\2.3.0.1\jaxb-core-2.3.0.1.jar;C:\Users\ChetanLokeshPalekar\.m2\repository\com\sun\xml\bind\jaxb-impl\2.3.3\jaxb-impl-2.3.3.jar;C:\Users\ChetanLokeshPalekar\.m2\repository\jakarta\xml\bind\jakarta.xml.bind-api\2.3.3\jakarta.xml.bind-api-2.3.3.jar;C:\Users\ChetanLokeshPalekar\.m2\repository\com\sun\activation\jakarta.activation\1.2.2\jakarta.activation-1.2.2.jar;C:\Users\ChetanLokeshPalekar\.m2\repository\javax\activation\activation\1.1.1\activation-1.1.1.jar;C:\Users\ChetanLokeshPalekar\.m2\repository\net\serenity-bdd\serenity-junit\2.3.33\serenity-junit-2.3.33.jar;C:\Users\ChetanLokeshPalekar\.m2\repository\net\serenity-bdd\serenity-screenplay\2.3.33\serenity-screenplay-2.3.33.jar;C:\Users\ChetanLokeshPalekar\.m2\repository\net\serenity-bdd\serenity-screenplay-webdriver\2.3.33\serenity-screenplay-webdriver-2.3.33.jar;C:\Users\ChetanLokeshPalekar\.m2\repository\net\serenity-bdd\serenity-ensure\2.3.33\serenity-ensure-2.3.33.jar;C:\Users\ChetanLokeshPalekar\.m2\repository\org\jetbrains\kotlin\kotlin-stdlib\1.4.10\kotlin-stdlib-1.4.10.jar;C:\Users\ChetanLokeshPalekar\.m2\repository\org\jetbrains\kotlin\kotlin-stdlib-common\1.4.10\kotlin-stdlib-common-1.4.10.jar;C:\Users\ChetanLokeshPalekar\.m2\repository\org\jetbrains\annotations\13.0\annotations-13.0.jar;C:\Users\ChetanLokeshPalekar\.m2\repository\net\serenity-bdd\serenity-cucumber6\2.3.33\serenity-cucumber6-2.3.33.jar;C:\Users\ChetanLokeshPalekar\.m2\repository\io\cucumber\cucumber-java\6.9.1\cucumber-java-6.9.1.jar;C:\Users\ChetanLokeshPalekar\.m2\repository\org\apiguardian\apiguardian-api\1.1.0\apiguardian-api-1.1.0.jar;C:\Users\ChetanLokeshPalekar\.m2\repository\io\cucumber\cucumber-junit\6.9.1\cucumber-junit-6.9.1.jar;C:\Users\ChetanLokeshPalekar\.m2\repository\io\cucumber\datatable-matchers\3.4.0\datatable-matchers-3.4.0.jar;C:\Users\ChetanLokeshPalekar\.m2\repository\io\cucumber\datatable\3.4.0\datatable-3.4.0.jar;C:\Users\ChetanLokeshPalekar\.m2\repository\commons-logging\commons-logging\1.2\commons-logging-1.2.jar;C:\Users\ChetanLokeshPalekar\.m2\repository\org\apache\commons\commons-csv\1.5\commons-csv-1.5.jar;C:\Users\ChetanLokeshPalekar\.m2\repository\net\serenity-bdd\serenity-rest-assured\2.3.33\serenity-rest-assured-2.3.33.jar;C:\Users\ChetanLokeshPalekar\.m2\repository\io\rest-assured\rest-assured\4.3.3\rest-assured-4.3.3.jar;C:\Users\ChetanLokeshPalekar\.m2\repository\org\ccil\cowan\tagsoup\tagsoup\1.2.1\tagsoup-1.2.1.jar;C:\Users\ChetanLokeshPalekar\.m2\repository\io\rest-assured\json-path\4.3.3\json-path-4.3.3.jar;C:\Users\ChetanLokeshPalekar\.m2\repository\io\rest-assured\rest-assured-common\4.3.3\rest-assured-common-4.3.3.jar;C:\Users\ChetanLokeshPalekar\.m2\repository\io\rest-assured\xml-path\4.3.3\xml-path-4.3.3.jar;C:\Users\ChetanLokeshPalekar\.m2\repository\org\codehaus\groovy\groovy-json\3.0.7\groovy-json-3.0.7.jar;C:\Users\ChetanLokeshPalekar\.m2\repository\org\codehaus\groovy\groovy-xml\3.0.7\groovy-xml-3.0.7.jar;C:\Users\ChetanLokeshPalekar\.m2\repository\org\opentest4j\opentest4j\1.2.0\opentest4j-1.2.0.jar;C:\Users\ChetanLokeshPalekar\.m2\repository\junit\junit\4.13.1\junit-4.13.1.jar;C:\Users\ChetanLokeshPalekar\.m2\repository\org\hamcrest\hamcrest-core\1.3\hamcrest-core-1.3.jar;C:\Users\ChetanLokeshPalekar\.m2\repository\org\assertj\assertj-core\3.6.2\assertj-core-3.6.2.jar;C:\Users\ChetanLokeshPalekar\.m2\repository\org\hamcrest\hamcrest-all\1.3\hamcrest-all-1.3.jar;"/>
    <property name="sun.cpu.endian" value="little"/>
    <property name="user.home" value="C:\Users\ChetanLokeshPalekar"/>
    <property name="user.language" value="en"/>
    <property name="java.specification.vendor" value="Oracle Corporation"/>
    <property name="java.home" value="C:\Program Files\Java\jdk1.8.0_221\jre"/>
    <property name="basedir" value="D:\Chetan\Workspace\sojeti-automation-task-serenity-cucumber"/>
    <property name="file.separator" value="\"/>
    <property name="line.separator" value="&#10;"/>
    <property name="java.vm.specification.vendor" value="Oracle Corporation"/>
    <property name="java.specification.name" value="Java Platform API Specification"/>
    <property name="java.awt.graphicsenv" value="sun.awt.Win32GraphicsEnvironment"/>
    <property name="surefire.real.class.path" value="C:\Users\ChetanLokeshPalekar\AppData\Local\Temp\surefire1710880190659889033\surefirebooter6675135630654953419.jar"/>
    <property name="sun.boot.class.path" value="C:\Program Files\Java\jdk1.8.0_221\jre\lib\resources.jar;C:\Program Files\Java\jdk1.8.0_221\jre\lib\rt.jar;C:\Program Files\Java\jdk1.8.0_221\jre\lib\sunrsasign.jar;C:\Program Files\Java\jdk1.8.0_221\jre\lib\jsse.jar;C:\Program Files\Java\jdk1.8.0_221\jre\lib\jce.jar;C:\Program Files\Java\jdk1.8.0_221\jre\lib\charsets.jar;C:\Program Files\Java\jdk1.8.0_221\jre\lib\jfr.jar;C:\Program Files\Java\jdk1.8.0_221\jre\classes"/>
    <property name="user.script" value=""/>
    <property name="sun.management.compiler" value="HotSpot Client Compiler"/>
    <property name="java.runtime.version" value="1.8.0_221-b11"/>
    <property name="user.name" value="ChetanLokeshPalekar"/>
    <property name="path.separator" value=";"/>
    <property name="os.version" value="10.0"/>
    <property name="java.endorsed.dirs" value="C:\Program Files\Java\jdk1.8.0_221\jre\lib\endorsed"/>
    <property name="java.runtime.name" value="Java(TM) SE Runtime Environment"/>
    <property name="file.encoding" value="Cp1252"/>
    <property name="webdriver.base.url" value=""/>
    <property name="java.vm.name" value="Java HotSpot(TM) Client VM"/>
    <property name="localRepository" value="C:\Users\ChetanLokeshPalekar\.m2\repository"/>
    <property name="java.vendor.url.bug" value="http://bugreport.sun.com/bugreport/"/>
    <property name="java.io.tmpdir" value="C:\Users\CHETAN~1\AppData\Local\Temp\"/>
    <property name="java.version" value="1.8.0_221"/>
    <property name="user.dir" value="D:\Chetan\Workspace\sojeti-automation-task-serenity-cucumber"/>
    <property name="os.arch" value="x86"/>
    <property name="java.vm.specification.name" value="Java Virtual Machine Specification"/>
    <property name="java.awt.printerjob" value="sun.awt.windows.WPrinterJob"/>
    <property name="sun.os.patch.level" value=""/>
    <property name="java.library.path" value="C:\Program Files\Java\jdk1.8.0_221\jre\bin;C:\WINDOWS\Sun\Java\bin;C:\WINDOWS\system32;C:\WINDOWS;C:\Program Files\Common Files\Oracle\Java\javapath;C:\ProgramData\Oracle\Java\javapath;C:\Program Files\Intel\TXE Components\TCS\;C:\Program Files\Broadcom\Broadcom 802.11 Network Adapter\Driver;C:\WINDOWS\system32;C:\WINDOWS;C:\WINDOWS\System32\Wbem;C:\WINDOWS\System32\WindowsPowerShell\v1.0\;C:\Program Files\Intel\TXE Components\DAL\;C:\Program Files\Intel\TXE Components\IPT\;C:\WINDOWS\System32\OpenSSH\;C:\Program Files\Java\jdk1.8.0_60\bin;D:\Softwares\apache-maven-3.6.2\bin;C:\Program Files\Git\cmd;C:\Program Files\Git\mingw32\bin;C:\Program Files\Git\usr\bin;C:\Users\ChetanLokeshPalekar\AppData\Local\Microsoft\WindowsApps;;."/>
    <property name="java.vm.info" value="mixed mode"/>
    <property name="java.vendor" value="Oracle Corporation"/>
    <property name="java.vm.version" value="25.221-b11"/>
    <property name="java.ext.dirs" value="C:\Program Files\Java\jdk1.8.0_221\jre\lib\ext;C:\WINDOWS\Sun\Java\lib\ext"/>
    <property name="sun.io.unicode.encoding" value="UnicodeLittle"/>
    <property name="java.class.version" value="52.0"/>
  </properties>
  <testcase name="Verify response for a city" classname="Check for Response Status Code, Content Type, Response Time and other other basic response validation" time="20.911">
    <system-out><![CDATA[03:44:27.162 [pool-2-thread-1] INFO  i.c.core.plugin.SerenityReporter - Running feature from file:///D:/Chetan/Workspace/sojeti-automation-task-serenity-cucumber/src/test/resources/features/apiFeatures/CheckService.feature

03:44:28.358 [pool-2-thread-1] INFO   - 

-------------------------------------------------------------------------------------
     _______. _______ .______       _______ .__   __.  __  .___________.____    ____ 
    /       ||   ____||   _  \     |   ____||  \ |  | |  | |           |\   \  /   / 
   |   (----`|  |__   |  |_)  |    |  |__   |   \|  | |  | `---|  |----` \   \/   /  
    \   \    |   __|  |      /     |   __|  |  . `  | |  |     |  |       \_    _/   
.----)   |   |  |____ |  |\  \----.|  |____ |  |\   | |  |     |  |         |  |     
|_______/    |_______|| _| `._____||_______||__| \__| |__|     |__|         |__|    
                                                                                     
 News and tutorials at http://www.serenity-bdd.info                                  
 Documentation at https://wakaleo.gitbooks.io/the-serenity-book/content/             
 Join the Serenity Community on Gitter: https://gitter.im/serenity-bdd/serenity-core 
 Serenity BDD Support and Training at http://serenity-bdd.info/#/trainingandsupport  
-------------------------------------------------------------------------------------


03:44:28.378 [pool-2-thread-1] INFO   - Test Suite Started: Check for Response Status Code, Content Type, Response Time and other other basic response validation

03:44:28.465 [pool-2-thread-1] INFO  i.c.core.plugin.SerenityReporter - Running feature from file:///D:/Chetan/Workspace/sojeti-automation-task-serenity-cucumber/src/test/resources/features/guiFeatures/SubmitContactForm.feature

03:44:28.484 [pool-2-thread-1] INFO   - Test Suite Started: Fill and Submit Contact Us Form on Automation Page under Services

03:44:28.484 [pool-2-thread-1] INFO  i.c.core.plugin.SerenityReporter - Running feature from file:///D:/Chetan/Workspace/sojeti-automation-task-serenity-cucumber/src/test/resources/features/guiFeatures/ValidateAutomationPage.feature

03:44:28.497 [pool-2-thread-1] INFO   - Test Suite Started: Validate text and links on Automation Page under Services

03:44:28.498 [pool-2-thread-1] INFO  i.c.core.plugin.SerenityReporter - Running feature from file:///D:/Chetan/Workspace/sojeti-automation-task-serenity-cucumber/src/test/resources/features/guiFeatures/ValidateCountryLinks.feature

03:44:28.511 [pool-2-thread-1] INFO   - Test Suite Started: Verify all Worldwide Country specific Sogeti links


@APITest @SogetiTask @Test1
Scenario: Verify response for a city                                     &amp#27;[90m# src/test/resources/features/apiFeatures/CheckService.feature:5&amp#27;[0m
03:44:29.258 [pool-2-thread-1] INFO  i.c.core.plugin.SerenityReporter - Running feature from file:///D:/Chetan/Workspace/sojeti-automation-task-serenity-cucumber/src/test/resources/features/apiFeatures/CheckService.feature
03:44:30.039 [pool-2-thread-1] INFO   - 
 _____ _____ ____ _____   ____ _____  _    ____ _____ _____ ____  
|_   _| ____/ ___|_   _| / ___|_   _|/ \  |  _ \_   _| ____|  _ \ 
  | | |  _| \___ \ | |   \___ \ | | / _ \ | |_) || | |  _| | | | |
  | | | |___ ___) || |    ___) || |/ ___ \|  _ < | | | |___| |_| |
  |_| |_____|____/ |_|   |____/ |_/_/   \_\_| \_\|_| |_____|____/ 

Verify response for a city(check-for-response-status-code--content-type--response-time-and-other-other-basic-response-validation;verify-response-for-a-city)
-------------------------------------------------------------------
URL============> http://api.zippopotam.us/de/bw/stuttgart
  &amp#27;[32mGiven &amp#27;[0m&amp#27;[32man API Get Request is triggered with endpoint &amp#27;[0m&amp#27;[32m&amp#27;[1m"/de/bw/stuttgart"&amp#27;[0m &amp#27;[90m# starter.stepdefinitions.CheckServicesDefinition.an_api_get_request_is_triggered_with_endpoint(java.lang.String)&amp#27;[0m
REPONSE CODE============> 200
  &amp#27;[32mThen &amp#27;[0m&amp#27;[32mAPI service response code is &amp#27;[0m&amp#27;[32m&amp#27;[1m200&amp#27;[0m                                  &amp#27;[90m# starter.stepdefinitions.CheckServicesDefinition.api_service_response_code_is(int)&amp#27;[0m
CONTENT TYPE============> application/json
  &amp#27;[32mAnd &amp#27;[0m&amp#27;[32mcontent type is &amp#27;[0m&amp#27;[32m&amp#27;[1m"JSON"&amp#27;[0m                                             &amp#27;[90m# starter.stepdefinitions.CheckServicesDefinition.content_type_is(java.lang.String)&amp#27;[0m
RESPONSE TIME============> 3
  &amp#27;[32mAnd &amp#27;[0m&amp#27;[32mresponse time is less than &amp#27;[0m&amp#27;[32m&amp#27;[1m5&amp#27;[0m&amp#27;[32m second&amp#27;[0m                                &amp#27;[90m# starter.stepdefinitions.CheckServicesDefinition.response_time_is_less_than_second(long)&amp#27;[0m
COUNTRY============> Germany
STATE============> Baden-Württemberg
  &amp#27;[32mAnd &amp#27;[0m&amp#27;[32mcountry is &amp#27;[0m&amp#27;[32m&amp#27;[1m"Germany"&amp#27;[0m&amp#27;[32m state is &amp#27;[0m&amp#27;[32m&amp#27;[1m"Baden-WÃ¼rttemberg"&amp#27;[0m                  &amp#27;[90m# starter.stepdefinitions.CheckServicesDefinition.country_is_state_is(java.lang.String,java.lang.String)&amp#27;[0m
RESPONSE============> {"country abbreviation": "DE", "places": [{"place name": "Stuttgart Stuttgart-Mitte", "longitude": "9.1767", "post code": "70173", "latitude": "48.7786"}, {"place name": "Stuttgart", "longitude": "9.1833", "post code": "70173", "latitude": "48.7667"}, {"place name": "Stuttgart", "longitude": "9.1833", "post code": "70174", "latitude": "48.7667"}, {"place name": "Stuttgart Stuttgart-Mitte", "longitude": "9.172", "post code": "70174", "latitude": "48.7827"}, {"place name": "Stuttgart Stuttgart-Nord", "longitude": "9.1921", "post code": "70174", "latitude": "48.7978"}, {"place name": "Stuttgart", "longitude": "9.1833", "post code": "70176", "latitude": "48.7667"}, {"place name": "Stuttgart Stuttgart-Mitte", "longitude": "9.1585", "post code": "70176", "latitude": "48.7752"}, {"place name": "Stuttgart Stuttgart-West", "longitude": "9.1641", "post code": "70176", "latitude": "48.7736"}, {"place name": "Stuttgart Stuttgart-West", "longitude": "9.1641", "post code": "70178", "latitude": "48.7736"}, {"place name": "Stuttgart Stuttgart-Mitte", "longitude": "9.1731", "post code": "70178", "latitude": "48.7728"}, {"place name": "Stuttgart", "longitude": "9.1833", "post code": "70178", "latitude": "48.7667"}, {"place name": "Stuttgart Stuttgart-S\u00fcd", "longitude": "9.1678", "post code": "70178", "latitude": "48.7644"}, {"place name": "Stuttgart", "longitude": "9.1833", "post code": "70180", "latitude": "48.7667"}, {"place name": "Stuttgart Stuttgart-Mitte", "longitude": "9.1762", "post code": "70180", "latitude": "48.7649"}, {"place name": "Stuttgart Stuttgart-S\u00fcd", "longitude": "9.1678", "post code": "70180", "latitude": "48.7644"}, {"place name": "Stuttgart", "longitude": "9.1833", "post code": "70182", "latitude": "48.7667"}, {"place name": "Stuttgart Stuttgart-Mitte", "longitude": "9.1821", "post code": "70182", "latitude": "48.7745"}, {"place name": "Stuttgart", "longitude": "9.1833", "post code": "70184", "latitude": "48.7667"}, {"place name": "Stuttgart Frauenkopf", "longitude": "9.2218", "post code": "70184", "latitude": "48.7607"}, {"place name": "Stuttgart Stuttgart-S\u00fcd", "longitude": "9.1678", "post code": "70184", "latitude": "48.7644"}, {"place name": "Stuttgart Stuttgart-Ost", "longitude": "9.2079", "post code": "70184", "latitude": "48.7819"}, {"place name": "Stuttgart Stuttgart-Mitte", "longitude": "9.1798", "post code": "70184", "latitude": "48.7759"}, {"place name": "Stuttgart", "longitude": "9.1833", "post code": "70186", "latitude": "48.7667"}, {"place name": "Stuttgart Stuttgart-Ost", "longitude": "9.2042", "post code": "70186", "latitude": "48.7718"}, {"place name": "Stuttgart", "longitude": "9.1833", "post code": "70188", "latitude": "48.7667"}, {"place name": "Stuttgart Stuttgart-Mitte", "longitude": "9.2112", "post code": "70188", "latitude": "48.7836"}, {"place name": "Stuttgart Stuttgart-Ost", "longitude": "9.2079", "post code": "70188", "latitude": "48.7819"}, {"place name": "Stuttgart Stuttgart-Ost", "longitude": "9.2079", "post code": "70190", "latitude": "48.7819"}, {"place name": "Stuttgart", "longitude": "9.1833", "post code": "70190", "latitude": "48.7667"}, {"place name": "Stuttgart Stuttgart-Mitte", "longitude": "9.2019", "post code": "70190", "latitude": "48.7887"}, {"place name": "Stuttgart", "longitude": "9.1833", "post code": "70191", "latitude": "48.7667"}, {"place name": "Stuttgart Bad Cannstatt", "longitude": "9.2141", "post code": "70191", "latitude": "48.8056"}, {"place name": "Stuttgart Stuttgart-Nord", "longitude": "9.1824", "post code": "70191", "latitude": "48.7974"}, {"place name": "Stuttgart Feuerbach", "longitude": "9.1588", "post code": "70192", "latitude": "48.8113"}, {"place name": "Stuttgart", "longitude": "9.1833", "post code": "70192", "latitude": "48.7667"}, {"place name": "Stuttgart Stuttgart-Nord", "longitude": "9.1921", "post code": "70192", "latitude": "48.7978"}, {"place name": "Stuttgart", "longitude": "9.1833", "post code": "70193", "latitude": "48.7667"}, {"place name": "Stuttgart Stuttgart-West", "longitude": "9.1641", "post code": "70193", "latitude": "48.7736"}, {"place name": "Stuttgart Stuttgart-Nord", "longitude": "9.1557", "post code": "70193", "latitude": "48.7784"}, {"place name": "Stuttgart", "longitude": "9.1833", "post code": "70195", "latitude": "48.7667"}, {"place name": "Stuttgart Botnang", "longitude": "9.1304", "post code": "70195", "latitude": "48.7762"}, {"place name": "Stuttgart", "longitude": "9.1833", "post code": "70197", "latitude": "48.7667"}, {"place name": "Stuttgart Stuttgart-West", "longitude": "9.1485", "post code": "70197", "latitude": "48.767"}, {"place name": "Stuttgart Stuttgart-S\u00fcd", "longitude": "9.1678", "post code": "70199", "latitude": "48.7644"}, {"place name": "Stuttgart Stuttgart-West", "longitude": "9.1509", "post code": "70199", "latitude": "48.7582"}, {"place name": "Stuttgart", "longitude": "9.1833", "post code": "70199", "latitude": "48.7667"}, {"place name": "Stuttgart Rotenberg", "longitude": "9.2715", "post code": "70327", "latitude": "48.7833"}, {"place name": "Stuttgart Hedelfingen", "longitude": "9.2557", "post code": "70327", "latitude": "48.7586"}, {"place name": "Stuttgart Luginsland", "longitude": "9.2579", "post code": "70327", "latitude": "48.7931"}, {"place name": "Stuttgart", "longitude": "9.1833", "post code": "70327", "latitude": "48.7667"}, {"place name": "Stuttgart Wangen", "longitude": "9.2478", "post code": "70327", "latitude": "48.7687"}, {"place name": "Stuttgart Stuttgart-Ost", "longitude": "9.2444", "post code": "70327", "latitude": "48.7726"}, {"place name": "Stuttgart Untert\u00fcrkheim", "longitude": "9.2509", "post code": "70327", "latitude": "48.7802"}, {"place name": "Stuttgart", "longitude": "9.1833", "post code": "70329", "latitude": "48.7667"}, {"place name": "Stuttgart Uhlbach", "longitude": "9.2788", "post code": "70329", "latitude": "48.7762"}, {"place name": "Stuttgart Rohracker", "longitude": "9.2618", "post code": "70329", "latitude": "48.7618"}, {"place name": "Stuttgart Obert\u00fcrkheim", "longitude": "9.2683", "post code": "70329", "latitude": "48.7646"}, {"place name": "Stuttgart", "longitude": "9.2177", "post code": "70372", "latitude": "48.8026"}, {"place name": "Stuttgart Bad Cannstatt", "longitude": "9.2141", "post code": "70372", "latitude": "48.8056"}, {"place name": "Stuttgart", "longitude": "9.1833", "post code": "70374", "latitude": "48.7667"}, {"place name": "Stuttgart Bad Cannstatt", "longitude": "9.2141", "post code": "70374", "latitude": "48.8056"}, {"place name": "Stuttgart Sommerrain", "longitude": "9.2367", "post code": "70374", "latitude": "48.8106"}, {"place name": "Stuttgart Burgholzhof", "longitude": "9.2124", "post code": "70376", "latitude": "48.8137"}, {"place name": "Stuttgart M\u00fcnster", "longitude": "9.22", "post code": "70376", "latitude": "48.8213"}, {"place name": "Stuttgart Bad Cannstatt", "longitude": "9.2141", "post code": "70376", "latitude": "48.8056"}, {"place name": "Stuttgart", "longitude": "9.1833", "post code": "70376", "latitude": "48.7667"}, {"place name": "Stuttgart", "longitude": "9.227", "post code": "70378", "latitude": "48.837"}, {"place name": "Stuttgart", "longitude": "9.1833", "post code": "70435", "latitude": "48.7667"}, {"place name": "Stuttgart Zuffenhausen", "longitude": "9.1656", "post code": "70435", "latitude": "48.8334"}, {"place name": "Stuttgart Zuffenhausen", "longitude": "9.1938", "post code": "70437", "latitude": "48.8353"}, {"place name": "Stuttgart Rot", "longitude": "9.1927", "post code": "70437", "latitude": "48.8341"}, {"place name": "Stuttgart", "longitude": "9.1833", "post code": "70437", "latitude": "48.7667"}, {"place name": "Stuttgart M\u00f6nchfeld", "longitude": "9.2192", "post code": "70437", "latitude": "48.8424"}, {"place name": "Stuttgart Zazenhausen", "longitude": "9.1928", "post code": "70437", "latitude": "48.8409"}, {"place name": "Stuttgart Freiberg", "longitude": "9.2049", "post code": "70437", "latitude": "48.8363"}, {"place name": "Stuttgart Neuwirtshaus", "longitude": "9.1424", "post code": "70439", "latitude": "48.8357"}, {"place name": "Stuttgart Zuffenhausen", "longitude": "9.1525", "post code": "70439", "latitude": "48.8412"}, {"place name": "Stuttgart", "longitude": "9.1833", "post code": "70439", "latitude": "48.7667"}, {"place name": "Stuttgart Stammheim", "longitude": "9.156", "post code": "70439", "latitude": "48.8493"}, {"place name": "Stuttgart Feuerbach", "longitude": "9.1612", "post code": "70469", "latitude": "48.8098"}, {"place name": "Stuttgart", "longitude": "9.1833", "post code": "70469", "latitude": "48.7667"}, {"place name": "Stuttgart Zuffenhausen", "longitude": "9.1675", "post code": "70469", "latitude": "48.8141"}, {"place name": "Stuttgart Giebel", "longitude": "9.0891", "post code": "70499", "latitude": "48.8067"}, {"place name": "Stuttgart", "longitude": "9.1833", "post code": "70499", "latitude": "48.7667"}, {"place name": "Stuttgart Weilimdorf", "longitude": "9.1123", "post code": "70499", "latitude": "48.8143"}, {"place name": "Stuttgart Hausen", "longitude": "9.0829", "post code": "70499", "latitude": "48.8151"}, {"place name": "Stuttgart Wolfbusch", "longitude": "9.1118", "post code": "70499", "latitude": "48.8125"}, {"place name": "Stuttgart Bergheim", "longitude": "9.0897", "post code": "70499", "latitude": "48.8013"}, {"place name": "Stuttgart Zuffenhausen", "longitude": "9.1685", "post code": "70499", "latitude": "48.8323"}, {"place name": "Stuttgart M\u00f6hringen", "longitude": "9.1464", "post code": "70563", "latitude": "48.7258"}, {"place name": "Stuttgart", "longitude": "9.1833", "post code": "70563", "latitude": "48.7667"}, {"place name": "Stuttgart Vaihingen", "longitude": "9.103", "post code": "70563", "latitude": "48.7294"}, {"place name": "Stuttgart D\u00fcrrlewang", "longitude": "9.1181", "post code": "70565", "latitude": "48.7195"}, {"place name": "Stuttgart Fasanenhof", "longitude": "9.1509", "post code": "70565", "latitude": "48.7124"}, {"place name": "Stuttgart", "longitude": "9.1833", "post code": "70565", "latitude": "48.7667"}, {"place name": "Stuttgart M\u00f6hringen", "longitude": "9.1464", "post code": "70565", "latitude": "48.7258"}, {"place name": "Stuttgart Vaihingen", "longitude": "9.1247", "post code": "70565", "latitude": "48.7248"}, {"place name": "Stuttgart Rohr", "longitude": "9.106", "post code": "70565", "latitude": "48.7172"}, {"place name": "Stuttgart M\u00f6hringen", "longitude": "9.1464", "post code": "70567", "latitude": "48.7258"}, {"place name": "Stuttgart", "longitude": "9.1833", "post code": "70567", "latitude": "48.7667"}, {"place name": "Stuttgart Degerloch", "longitude": "9.1534", "post code": "70567", "latitude": "48.7237"}, {"place name": "Stuttgart Vaihingen", "longitude": "9.1097", "post code": "70569", "latitude": "48.7301"}, {"place name": "Stuttgart Kaltental", "longitude": "9.1293", "post code": "70569", "latitude": "48.7383"}, {"place name": "Stuttgart", "longitude": "9.1833", "post code": "70569", "latitude": "48.7667"}, {"place name": "Stuttgart B\u00fcsnau", "longitude": "9.0798", "post code": "70569", "latitude": "48.7506"}, {"place name": "Stuttgart Degerloch", "longitude": "9.1703", "post code": "70597", "latitude": "48.7496"}, {"place name": "Stuttgart Kaltental", "longitude": "9.1293", "post code": "70597", "latitude": "48.7383"}, {"place name": "Stuttgart Hoffeld", "longitude": "9.1739", "post code": "70597", "latitude": "48.7425"}, {"place name": "Stuttgart", "longitude": "9.1833", "post code": "70597", "latitude": "48.7667"}, {"place name": "Stuttgart M\u00f6hringen", "longitude": "9.1464", "post code": "70597", "latitude": "48.7258"}, {"place name": "Stuttgart Sonnenberg", "longitude": "9.1552", "post code": "70597", "latitude": "48.7446"}, {"place name": "Stuttgart Sch\u00f6nberg", "longitude": "9.2001", "post code": "70599", "latitude": "48.7325"}, {"place name": "Stuttgart", "longitude": "9.1833", "post code": "70599", "latitude": "48.7667"}, {"place name": "Stuttgart Steckfeld", "longitude": "9.2014", "post code": "70599", "latitude": "48.7153"}, {"place name": "Stuttgart Birkach", "longitude": "9.2108", "post code": "70599", "latitude": "48.7082"}, {"place name": "Stuttgart Plieningen", "longitude": "9.2107", "post code": "70599", "latitude": "48.701"}, {"place name": "Stuttgart Asemwald", "longitude": "9.1932", "post code": "70599", "latitude": "48.726"}, {"place name": "Stuttgart Hohenheim", "longitude": "9.2113", "post code": "70599", "latitude": "48.7118"}, {"place name": "Stuttgart Heumaden", "longitude": "9.2376", "post code": "70619", "latitude": "48.7463"}, {"place name": "Stuttgart", "longitude": "9.1833", "post code": "70619", "latitude": "48.7667"}, {"place name": "Stuttgart Lederberg", "longitude": "9.243", "post code": "70619", "latitude": "48.7532"}, {"place name": "Stuttgart Sillenbuch", "longitude": "9.2074", "post code": "70619", "latitude": "48.7474"}, {"place name": "Stuttgart Riedenberg", "longitude": "9.2134", "post code": "70619", "latitude": "48.736"}, {"place name": "Stuttgart Flughafen", "longitude": "9.2121", "post code": "70629", "latitude": "48.6836"}, {"place name": "Stuttgart", "longitude": "9.1833", "post code": "70629", "latitude": "48.7667"}], "country": "Germany", "place name": "Stuttgart Stuttgart-Mitte", "state": "Baden-W\u00fcrttemberg", "state abbreviation": "BW"}
MATCHED PLACE NAME============>Stuttgart Degerloch
MATCHED PLACE NAME============>Stuttgart Kaltental
MATCHED PLACE NAME============>Stuttgart Hoffeld
MATCHED PLACE NAME============>Stuttgart
MATCHED PLACE NAME============>Stuttgart Möhringen
MATCHED PLACE NAME============>Stuttgart Sonnenberg
  &amp#27;[32mAnd &amp#27;[0m&amp#27;[32mfor post code &amp#27;[0m&amp#27;[32m&amp#27;[1m"70597"&amp#27;[0m&amp#27;[32m the place name has &amp#27;[0m&amp#27;[32m&amp#27;[1m"Stuttgart Degerloch"&amp#27;[0m     &amp#27;[90m# starter.stepdefinitions.CheckServicesDefinition.for_post_code_the_place_name_has(java.lang.String,java.lang.String)&amp#27;[0m
03:44:49.421 [pool-2-thread-1] INFO   - 
        __    _____ _____ ____ _____   ____   _    ____  ____  _____ ____  
  _     \ \  |_   _| ____/ ___|_   _| |  _ \ / \  / ___|/ ___|| ____|  _ \ 
 (_)_____| |   | | |  _| \___ \ | |   | |_) / _ \ \___ \\___ \|  _| | | | |
  _|_____| |   | | | |___ ___) || |   |  __/ ___ \ ___) |___) | |___| |_| |
 (_)     | |   |_| |_____|____/ |_|   |_| /_/   \_\____/|____/|_____|____/ 
        /_/                                                                

Verify response for a city
----------------------------------------------------------------------------
]]></system-out>
  </testcase>
  <testcase name="Verify response for multiple cities #1" classname="Check for Response Status Code, Content Type, Response Time and other other basic response validation" time="3.927">
    <system-out><![CDATA[
@APITest @SogetiTask @Test2
Scenario Outline: Verify response for multiple cities                 &amp#27;[90m# src/test/resources/features/apiFeatures/CheckService.feature:23&amp#27;[0m
03:44:49.450 [pool-2-thread-1] INFO  i.c.core.plugin.SerenityReporter - Running feature from file:///D:/Chetan/Workspace/sojeti-automation-task-serenity-cucumber/src/test/resources/features/apiFeatures/CheckService.feature
03:44:49.479 [pool-2-thread-1] INFO   - 
 _____ _____ ____ _____   ____ _____  _    ____ _____ _____ ____  
|_   _| ____/ ___|_   _| / ___|_   _|/ \  |  _ \_   _| ____|  _ \ 
  | | |  _| \___ \ | |   \___ \ | | / _ \ | |_) || | |  _| | | | |
  | | | |___ ___) || |    ___) || |/ ___ \|  _ < | | | |___| |_| |
  |_| |_____|____/ |_|   |____/ |_/_/   \_\_| \_\|_| |_____|____/ 

Verify response for multiple cities(check-for-response-status-code--content-type--response-time-and-other-other-basic-response-validation;verify-response-for-multiple-cities)
-------------------------------------------------------------------
URL============> http://api.zippopotam.us/de/70597
  &amp#27;[32mGiven &amp#27;[0m&amp#27;[32man API Get Request is triggered with &amp#27;[0m&amp#27;[32m&amp#27;[1m"de"&amp#27;[0m&amp#27;[32m and &amp#27;[0m&amp#27;[32m&amp#27;[1m"70597"&amp#27;[0m&amp#27;[32m details&amp#27;[0m &amp#27;[90m# starter.stepdefinitions.CheckServicesDefinition.an_api_get_request_is_triggered_with_and_details(java.lang.String,java.lang.String)&amp#27;[0m
REPONSE CODE============> 200
  &amp#27;[32mThen &amp#27;[0m&amp#27;[32mAPI service response code is &amp#27;[0m&amp#27;[32m&amp#27;[1m200&amp#27;[0m                               &amp#27;[90m# starter.stepdefinitions.CheckServicesDefinition.api_service_response_code_is(int)&amp#27;[0m
CONTENT TYPE============> application/json
  &amp#27;[32mAnd &amp#27;[0m&amp#27;[32mcontent type is &amp#27;[0m&amp#27;[32m&amp#27;[1m"JSON"&amp#27;[0m                                          &amp#27;[90m# starter.stepdefinitions.CheckServicesDefinition.content_type_is(java.lang.String)&amp#27;[0m
RESPONSE TIME============> 0
  &amp#27;[32mAnd &amp#27;[0m&amp#27;[32mresponse time is less than &amp#27;[0m&amp#27;[32m&amp#27;[1m5&amp#27;[0m&amp#27;[32m second&amp#27;[0m                             &amp#27;[90m# starter.stepdefinitions.CheckServicesDefinition.response_time_is_less_than_second(long)&amp#27;[0m
RESPONSE============> {"post code": "70597", "country": "Germany", "country abbreviation": "DE", "places": [{"place name": "Stuttgart Degerloch", "longitude": "9.1703", "state": "Baden-W\u00fcrttemberg", "state abbreviation": "BW", "latitude": "48.7496"}, {"place name": "Stuttgart Kaltental", "longitude": "9.1293", "state": "Baden-W\u00fcrttemberg", "state abbreviation": "BW", "latitude": "48.7383"}, {"place name": "Stuttgart Hoffeld", "longitude": "9.1739", "state": "Baden-W\u00fcrttemberg", "state abbreviation": "BW", "latitude": "48.7425"}, {"place name": "Stuttgart", "longitude": "9.1833", "state": "Baden-W\u00fcrttemberg", "state abbreviation": "BW", "latitude": "48.7667"}, {"place name": "Stuttgart M\u00f6hringen", "longitude": "9.1464", "state": "Baden-W\u00fcrttemberg", "state abbreviation": "BW", "latitude": "48.7258"}, {"place name": "Stuttgart Sonnenberg", "longitude": "9.1552", "state": "Baden-W\u00fcrttemberg", "state abbreviation": "BW", "latitude": "48.7446"}]}
MATCHED PLACE NAME============>Stuttgart Degerloch
MATCHED PLACE NAME============>Stuttgart Kaltental
MATCHED PLACE NAME============>Stuttgart Hoffeld
MATCHED PLACE NAME============>Stuttgart
MATCHED PLACE NAME============>Stuttgart Möhringen
MATCHED PLACE NAME============>Stuttgart Sonnenberg
  &amp#27;[32mAnd &amp#27;[0m&amp#27;[32mplace name is &amp#27;[0m&amp#27;[32m&amp#27;[1m"Stuttgart Degerloch"&amp#27;[0m                             &amp#27;[90m# starter.stepdefinitions.CheckServicesDefinition.place_name_is(java.lang.String)&amp#27;[0m
03:44:53.359 [pool-2-thread-1] INFO   - 
        __    _____ _____ ____ _____   ____   _    ____  ____  _____ ____  
  _     \ \  |_   _| ____/ ___|_   _| |  _ \ / \  / ___|/ ___|| ____|  _ \ 
 (_)_____| |   | | |  _| \___ \ | |   | |_) / _ \ \___ \\___ \|  _| | | | |
  _|_____| |   | | | |___ ___) || |   |  __/ ___ \ ___) |___) | |___| |_| |
 (_)     | |   |_| |_____|____/ |_|   |_| /_/   \_\____/|____/|_____|____/ 
        /_/                                                                

Verify response for multiple cities
----------------------------------------------------------------------------
]]></system-out>
  </testcase>
  <testcase name="Verify response for multiple cities #2" classname="Check for Response Status Code, Content Type, Response Time and other other basic response validation" time="0.382">
    <system-out><![CDATA[
@APITest @SogetiTask @Test2
Scenario Outline: Verify response for multiple cities                 &amp#27;[90m# src/test/resources/features/apiFeatures/CheckService.feature:24&amp#27;[0m
03:44:53.380 [pool-2-thread-1] INFO  i.c.core.plugin.SerenityReporter - Running feature from file:///D:/Chetan/Workspace/sojeti-automation-task-serenity-cucumber/src/test/resources/features/apiFeatures/CheckService.feature
URL============> http://api.zippopotam.us/us/90210
  &amp#27;[32mGiven &amp#27;[0m&amp#27;[32man API Get Request is triggered with &amp#27;[0m&amp#27;[32m&amp#27;[1m"us"&amp#27;[0m&amp#27;[32m and &amp#27;[0m&amp#27;[32m&amp#27;[1m"90210"&amp#27;[0m&amp#27;[32m details&amp#27;[0m &amp#27;[90m# starter.stepdefinitions.CheckServicesDefinition.an_api_get_request_is_triggered_with_and_details(java.lang.String,java.lang.String)&amp#27;[0m
REPONSE CODE============> 200
  &amp#27;[32mThen &amp#27;[0m&amp#27;[32mAPI service response code is &amp#27;[0m&amp#27;[32m&amp#27;[1m200&amp#27;[0m                               &amp#27;[90m# starter.stepdefinitions.CheckServicesDefinition.api_service_response_code_is(int)&amp#27;[0m
CONTENT TYPE============> application/json
  &amp#27;[32mAnd &amp#27;[0m&amp#27;[32mcontent type is &amp#27;[0m&amp#27;[32m&amp#27;[1m"JSON"&amp#27;[0m                                          &amp#27;[90m# starter.stepdefinitions.CheckServicesDefinition.content_type_is(java.lang.String)&amp#27;[0m
RESPONSE TIME============> 0
  &amp#27;[32mAnd &amp#27;[0m&amp#27;[32mresponse time is less than &amp#27;[0m&amp#27;[32m&amp#27;[1m5&amp#27;[0m&amp#27;[32m second&amp#27;[0m                             &amp#27;[90m# starter.stepdefinitions.CheckServicesDefinition.response_time_is_less_than_second(long)&amp#27;[0m
RESPONSE============> {"post code": "90210", "country": "United States", "country abbreviation": "US", "places": [{"place name": "Beverly Hills", "longitude": "-118.4065", "state": "California", "state abbreviation": "CA", "latitude": "34.0901"}]}
MATCHED PLACE NAME============>Beverly Hills
  &amp#27;[32mAnd &amp#27;[0m&amp#27;[32mplace name is &amp#27;[0m&amp#27;[32m&amp#27;[1m"Beverly Hills"&amp#27;[0m                                   &amp#27;[90m# starter.stepdefinitions.CheckServicesDefinition.place_name_is(java.lang.String)&amp#27;[0m
03:44:53.741 [pool-2-thread-1] INFO   - 
        __    _____ _____ ____ _____   ____   _    ____  ____  _____ ____  
  _     \ \  |_   _| ____/ ___|_   _| |  _ \ / \  / ___|/ ___|| ____|  _ \ 
 (_)_____| |   | | |  _| \___ \ | |   | |_) / _ \ \___ \\___ \|  _| | | | |
  _|_____| |   | | | |___ ___) || |   |  __/ ___ \ ___) |___) | |___| |_| |
 (_)     | |   |_| |_____|____/ |_|   |_| /_/   \_\____/|____/|_____|____/ 
        /_/                                                                

Verify response for multiple cities
----------------------------------------------------------------------------
]]></system-out>
  </testcase>
  <testcase name="Verify response for multiple cities #3" classname="Check for Response Status Code, Content Type, Response Time and other other basic response validation" time="0.384">
    <system-out><![CDATA[
@APITest @SogetiTask @Test2
Scenario Outline: Verify response for multiple cities                 &amp#27;[90m# src/test/resources/features/apiFeatures/CheckService.feature:25&amp#27;[0m
03:44:53.757 [pool-2-thread-1] INFO  i.c.core.plugin.SerenityReporter - Running feature from file:///D:/Chetan/Workspace/sojeti-automation-task-serenity-cucumber/src/test/resources/features/apiFeatures/CheckService.feature
URL============> http://api.zippopotam.us/us/12345
  &amp#27;[32mGiven &amp#27;[0m&amp#27;[32man API Get Request is triggered with &amp#27;[0m&amp#27;[32m&amp#27;[1m"us"&amp#27;[0m&amp#27;[32m and &amp#27;[0m&amp#27;[32m&amp#27;[1m"12345"&amp#27;[0m&amp#27;[32m details&amp#27;[0m &amp#27;[90m# starter.stepdefinitions.CheckServicesDefinition.an_api_get_request_is_triggered_with_and_details(java.lang.String,java.lang.String)&amp#27;[0m
REPONSE CODE============> 200
  &amp#27;[32mThen &amp#27;[0m&amp#27;[32mAPI service response code is &amp#27;[0m&amp#27;[32m&amp#27;[1m200&amp#27;[0m                               &amp#27;[90m# starter.stepdefinitions.CheckServicesDefinition.api_service_response_code_is(int)&amp#27;[0m
CONTENT TYPE============> application/json
  &amp#27;[32mAnd &amp#27;[0m&amp#27;[32mcontent type is &amp#27;[0m&amp#27;[32m&amp#27;[1m"JSON"&amp#27;[0m                                          &amp#27;[90m# starter.stepdefinitions.CheckServicesDefinition.content_type_is(java.lang.String)&amp#27;[0m
RESPONSE TIME============> 0
  &amp#27;[32mAnd &amp#27;[0m&amp#27;[32mresponse time is less than &amp#27;[0m&amp#27;[32m&amp#27;[1m5&amp#27;[0m&amp#27;[32m second&amp#27;[0m                             &amp#27;[90m# starter.stepdefinitions.CheckServicesDefinition.response_time_is_less_than_second(long)&amp#27;[0m
RESPONSE============> {"post code": "12345", "country": "United States", "country abbreviation": "US", "places": [{"place name": "Schenectady", "longitude": "-74.058", "state": "New York", "state abbreviation": "NY", "latitude": "42.8333"}]}
MATCHED PLACE NAME============>Schenectady
  &amp#27;[32mAnd &amp#27;[0m&amp#27;[32mplace name is &amp#27;[0m&amp#27;[32m&amp#27;[1m"Schenectady"&amp#27;[0m                                     &amp#27;[90m# starter.stepdefinitions.CheckServicesDefinition.place_name_is(java.lang.String)&amp#27;[0m
]]></system-out>
  </testcase>
  <testcase name="Verify response for multiple cities #4" classname="Check for Response Status Code, Content Type, Response Time and other other basic response validation" time="0.43">
    <system-out><![CDATA[
@APITest @SogetiTask @Test2
Scenario Outline: Verify response for multiple cities               &amp#27;[90m# src/test/resources/features/apiFeatures/CheckService.feature:26&amp#27;[0m
03:44:54.141 [pool-2-thread-1] INFO  i.c.core.plugin.SerenityReporter - Running feature from file:///D:/Chetan/Workspace/sojeti-automation-task-serenity-cucumber/src/test/resources/features/apiFeatures/CheckService.feature
URL============> http://api.zippopotam.us/ca/B2R
  &amp#27;[32mGiven &amp#27;[0m&amp#27;[32man API Get Request is triggered with &amp#27;[0m&amp#27;[32m&amp#27;[1m"ca"&amp#27;[0m&amp#27;[32m and &amp#27;[0m&amp#27;[32m&amp#27;[1m"B2R"&amp#27;[0m&amp#27;[32m details&amp#27;[0m &amp#27;[90m# starter.stepdefinitions.CheckServicesDefinition.an_api_get_request_is_triggered_with_and_details(java.lang.String,java.lang.String)&amp#27;[0m
REPONSE CODE============> 200
  &amp#27;[32mThen &amp#27;[0m&amp#27;[32mAPI service response code is &amp#27;[0m&amp#27;[32m&amp#27;[1m200&amp#27;[0m                             &amp#27;[90m# starter.stepdefinitions.CheckServicesDefinition.api_service_response_code_is(int)&amp#27;[0m
CONTENT TYPE============> application/json
  &amp#27;[32mAnd &amp#27;[0m&amp#27;[32mcontent type is &amp#27;[0m&amp#27;[32m&amp#27;[1m"JSON"&amp#27;[0m                                        &amp#27;[90m# starter.stepdefinitions.CheckServicesDefinition.content_type_is(java.lang.String)&amp#27;[0m
RESPONSE TIME============> 0
  &amp#27;[32mAnd &amp#27;[0m&amp#27;[32mresponse time is less than &amp#27;[0m&amp#27;[32m&amp#27;[1m5&amp#27;[0m&amp#27;[32m second&amp#27;[0m                           &amp#27;[90m# starter.stepdefinitions.CheckServicesDefinition.response_time_is_less_than_second(long)&amp#27;[0m
RESPONSE============> {"post code": "B2R", "country": "Canada", "country abbreviation": "CA", "places": [{"place name": "Waverley", "longitude": "-63.5144", "state": "Nova Scotia", "state abbreviation": "NS", "latitude": "44.7431"}]}
MATCHED PLACE NAME============>Waverley
  &amp#27;[32mAnd &amp#27;[0m&amp#27;[32mplace name is &amp#27;[0m&amp#27;[32m&amp#27;[1m"Waverley"&amp#27;[0m                                      &amp#27;[90m# starter.stepdefinitions.CheckServicesDefinition.place_name_is(java.lang.String)&amp#27;[0m
]]></system-out>
  </testcase>
</testsuite>